2025-06-03 14:11:24,010 [NUnit.Fw.ParallelWorker#8] INFO  sampleProject.StepDefinitions.stepDefinitions - yuppie
2025-06-03 14:11:24,010 [NUnit.Fw.ParallelWorker#6] INFO  sampleProject.StepDefinitions.stepDefinitions - yuppie
2025-06-03 14:11:24,010 [NUnit.Fw.ParallelWorker#4] INFO  sampleProject.StepDefinitions.stepDefinitions - yuppie
2025-06-03 14:11:26,118 [NUnit.Fw.ParallelWorker#6] INFO  ExtentReportHooks - Executing feature : 1. Validate Presence of all elements.   Executing Scenario :invalValidate all fields,checkboxes, radio buttons, Submit button and hyperlinks are appearing on the page..                        Exectuting stepI open "chrome" browser
2025-06-03 14:11:26,118 [NUnit.Fw.ParallelWorker#8] INFO  ExtentReportHooks - Executing feature : 1. Validate Presence of all elements.   Executing Scenario :insdfsdfsdfsdfvalValidate all fields,checkboxes, radio buttons, Submit button and hyperlinks are appearing on the page..                        Exectuting stepI open "chrome" browser
2025-06-03 14:11:26,118 [NUnit.Fw.ParallelWorker#4] INFO  ExtentReportHooks - Executing feature : 1. Validate Presence of all elements.   Executing Scenario :Validate all fields,checkboxes, radio buttons, Submit button and hyperlinks are appearing on the page..                        Exectuting stepI open "chrome" browser
2025-06-03 14:11:26,118 [NUnit.Fw.ParallelWorker#6] INFO  ExtentReportHooks - step pass I open "chrome" browser
2025-06-03 14:11:26,118 [NUnit.Fw.ParallelWorker#8] INFO  ExtentReportHooks - step pass I open "chrome" browser
2025-06-03 14:11:26,118 [NUnit.Fw.ParallelWorker#4] INFO  ExtentReportHooks - step pass I open "chrome" browser
2025-06-03 14:11:27,017 [NUnit.Fw.ParallelWorker#6] INFO  ExtentReportHooks - Executing feature : 1. Validate Presence of all elements.   Executing Scenario :invalValidate all fields,checkboxes, radio buttons, Submit button and hyperlinks are appearing on the page..                        Exectuting stepI am on the Home Page of test Website
2025-06-03 14:11:27,022 [NUnit.Fw.ParallelWorker#6] INFO  ExtentReportHooks - step pass I am on the Home Page of test Website
2025-06-03 14:11:27,114 [NUnit.Fw.ParallelWorker#6] INFO  ExtentReportHooks - Executing feature : 1. Validate Presence of all elements.   Executing Scenario :invalValidate all fields,checkboxes, radio buttons, Submit button and hyperlinks are appearing on the page..                        Exectuting stepVerify following are appearing on the page or not
2025-06-03 14:11:27,114 [NUnit.Fw.ParallelWorker#6] INFO  ExtentReportHooks - step pass Verify following are appearing on the page or not
2025-06-03 14:11:27,126 [NUnit.Fw.ParallelWorker#6] INFO  ExtentReportHooks - Executing feature : 1. Validate Presence of all elements.   Executing Scenario :invalValidate all fields,checkboxes, radio buttons, Submit button and hyperlinks are appearing on the page..                        Exectuting stepVerify following radio buttons are appearing on the page or not
2025-06-03 14:11:27,127 [NUnit.Fw.ParallelWorker#6] INFO  ExtentReportHooks - step pass Verify following radio buttons are appearing on the page or not
2025-06-03 14:11:27,137 [NUnit.Fw.ParallelWorker#6] INFO  ExtentReportHooks - Executing feature : 1. Validate Presence of all elements.   Executing Scenario :invalValidate all fields,checkboxes, radio buttons, Submit button and hyperlinks are appearing on the page..                        Exectuting stepVerify following check box buttons are appearing on the page or not
2025-06-03 14:11:27,137 [NUnit.Fw.ParallelWorker#6] INFO  ExtentReportHooks - step pass Verify following check box buttons are appearing on the page or not
2025-06-03 14:11:27,271 [NUnit.Fw.ParallelWorker#4] INFO  ExtentReportHooks - Executing feature : 1. Validate Presence of all elements.   Executing Scenario :Validate all fields,checkboxes, radio buttons, Submit button and hyperlinks are appearing on the page..                        Exectuting stepI am on the Home Page of test Website
2025-06-03 14:11:27,274 [NUnit.Fw.ParallelWorker#4] INFO  ExtentReportHooks - step pass I am on the Home Page of test Website
2025-06-03 14:11:27,349 [NUnit.Fw.ParallelWorker#4] INFO  ExtentReportHooks - Executing feature : 1. Validate Presence of all elements.   Executing Scenario :Validate all fields,checkboxes, radio buttons, Submit button and hyperlinks are appearing on the page..                        Exectuting stepVerify following are appearing on the page or not
2025-06-03 14:11:27,349 [NUnit.Fw.ParallelWorker#4] INFO  ExtentReportHooks - step pass Verify following are appearing on the page or not
2025-06-03 14:11:27,361 [NUnit.Fw.ParallelWorker#4] INFO  ExtentReportHooks - Executing feature : 1. Validate Presence of all elements.   Executing Scenario :Validate all fields,checkboxes, radio buttons, Submit button and hyperlinks are appearing on the page..                        Exectuting stepVerify following radio buttons are appearing on the page or not
2025-06-03 14:11:27,361 [NUnit.Fw.ParallelWorker#4] INFO  ExtentReportHooks - step pass Verify following radio buttons are appearing on the page or not
2025-06-03 14:11:27,370 [NUnit.Fw.ParallelWorker#4] INFO  ExtentReportHooks - Executing feature : 1. Validate Presence of all elements.   Executing Scenario :Validate all fields,checkboxes, radio buttons, Submit button and hyperlinks are appearing on the page..                        Exectuting stepVerify following check box buttons are appearing on the page or not
2025-06-03 14:11:27,370 [NUnit.Fw.ParallelWorker#4] INFO  ExtentReportHooks - step pass Verify following check box buttons are appearing on the page or not
2025-06-03 14:11:27,573 [NUnit.Fw.ParallelWorker#8] INFO  ExtentReportHooks - Executing feature : 1. Validate Presence of all elements.   Executing Scenario :insdfsdfsdfsdfvalValidate all fields,checkboxes, radio buttons, Submit button and hyperlinks are appearing on the page..                        Exectuting stepI am on the Home Page of test Website
2025-06-03 14:11:27,574 [NUnit.Fw.ParallelWorker#8] INFO  ExtentReportHooks - step pass I am on the Home Page of test Website
2025-06-03 14:11:27,653 [NUnit.Fw.ParallelWorker#8] INFO  ExtentReportHooks - Executing feature : 1. Validate Presence of all elements.   Executing Scenario :insdfsdfsdfsdfvalValidate all fields,checkboxes, radio buttons, Submit button and hyperlinks are appearing on the page..                        Exectuting stepVerify following are appearing on the page or not
2025-06-03 14:11:27,653 [NUnit.Fw.ParallelWorker#8] INFO  ExtentReportHooks - step pass Verify following are appearing on the page or not
2025-06-03 14:11:27,665 [NUnit.Fw.ParallelWorker#8] INFO  ExtentReportHooks - Executing feature : 1. Validate Presence of all elements.   Executing Scenario :insdfsdfsdfsdfvalValidate all fields,checkboxes, radio buttons, Submit button and hyperlinks are appearing on the page..                        Exectuting stepVerify following radio buttons are appearing on the page or not
2025-06-03 14:11:27,665 [NUnit.Fw.ParallelWorker#8] INFO  ExtentReportHooks - step pass Verify following radio buttons are appearing on the page or not
2025-06-03 14:11:27,675 [NUnit.Fw.ParallelWorker#8] INFO  ExtentReportHooks - Executing feature : 1. Validate Presence of all elements.   Executing Scenario :insdfsdfsdfsdfvalValidate all fields,checkboxes, radio buttons, Submit button and hyperlinks are appearing on the page..                        Exectuting stepVerify following check box buttons are appearing on the page or not
2025-06-03 14:11:27,675 [NUnit.Fw.ParallelWorker#8] INFO  ExtentReportHooks - step pass Verify following check box buttons are appearing on the page or not
