2025-06-09 15:09:26,451 [NUnit.Fw.ParallelWorker#2] INFO  sampleProject.StepDefinitions.stepDefinitions - yuppie
2025-06-09 15:09:26,451 [NUnit.Fw.ParallelWorker#8] INFO  sampleProject.StepDefinitions.stepDefinitions - yuppie
2025-06-09 15:09:26,451 [NUnit.Fw.ParallelWorker#3] INFO  sampleProject.StepDefinitions.stepDefinitions - yuppie
2025-06-09 15:09:30,419 [NUnit.Fw.ParallelWorker#8] INFO  ExtentReportHooks - Executing feature : 1. Validate Presence of all elements.   Executing Scenario :Validate all fields,checkboxes, radio buttons, Submit button and hyperlinks are appearing on the page..                        Exectuting stepI open chrome browser
2025-06-09 15:09:30,420 [NUnit.Fw.ParallelWorker#2] INFO  ExtentReportHooks - Executing feature : 1. Validate Presence of all elements.   Executing Scenario :insdfsdfsdfsdfvalValidate all fields,checkboxes, radio buttons, Submit button and hyperlinks are appearing on the page..                        Exectuting stepI open chrome browser
2025-06-09 15:09:30,420 [NUnit.Fw.ParallelWorker#3] INFO  ExtentReportHooks - Executing feature : 1. Validate Presence of all elements.   Executing Scenario :invalValidate all fields,checkboxes, radio buttons, Submit button and hyperlinks are appearing on the page..                        Exectuting stepI open chrome browser
2025-06-09 15:09:30,421 [NUnit.Fw.ParallelWorker#8] INFO  ExtentReportHooks - step pass I open chrome browser
2025-06-09 15:09:30,421 [NUnit.Fw.ParallelWorker#2] INFO  ExtentReportHooks - step pass I open chrome browser
2025-06-09 15:09:30,421 [NUnit.Fw.ParallelWorker#3] INFO  ExtentReportHooks - step pass I open chrome browser
2025-06-09 15:09:30,750 [NUnit.Fw.ParallelWorker#3] INFO  ExtentReportHooks - Executing feature : 1. Validate Presence of all elements.   Executing Scenario :invalValidate all fields,checkboxes, radio buttons, Submit button and hyperlinks are appearing on the page..                        Exectuting stepI am on the Home Page of test Website
2025-06-09 15:09:30,750 [NUnit.Fw.ParallelWorker#2] INFO  ExtentReportHooks - Executing feature : 1. Validate Presence of all elements.   Executing Scenario :insdfsdfsdfsdfvalValidate all fields,checkboxes, radio buttons, Submit button and hyperlinks are appearing on the page..                        Exectuting stepI am on the Home Page of test Website
2025-06-09 15:09:30,750 [NUnit.Fw.ParallelWorker#8] INFO  ExtentReportHooks - Executing feature : 1. Validate Presence of all elements.   Executing Scenario :Validate all fields,checkboxes, radio buttons, Submit button and hyperlinks are appearing on the page..                        Exectuting stepI am on the Home Page of test Website
2025-06-09 15:09:30,759 [NUnit.Fw.ParallelWorker#3] INFO  ExtentReportHooks - step pass I am on the Home Page of test Website
2025-06-09 15:09:30,774 [NUnit.Fw.ParallelWorker#2] INFO  ExtentReportHooks - step pass I am on the Home Page of test Website
2025-06-09 15:09:30,793 [NUnit.Fw.ParallelWorker#8] INFO  ExtentReportHooks - step pass I am on the Home Page of test Website
2025-06-09 15:09:30,986 [NUnit.Fw.ParallelWorker#8] INFO  ExtentReportHooks - Executing feature : 1. Validate Presence of all elements.   Executing Scenario :Validate all fields,checkboxes, radio buttons, Submit button and hyperlinks are appearing on the page..                        Exectuting stepVerify following are appearing on the page or not
2025-06-09 15:09:30,986 [NUnit.Fw.ParallelWorker#3] INFO  ExtentReportHooks - Executing feature : 1. Validate Presence of all elements.   Executing Scenario :invalValidate all fields,checkboxes, radio buttons, Submit button and hyperlinks are appearing on the page..                        Exectuting stepVerify following are appearing on the page or not
2025-06-09 15:09:30,986 [NUnit.Fw.ParallelWorker#8] INFO  ExtentReportHooks - step pass Verify following are appearing on the page or not
2025-06-09 15:09:30,986 [NUnit.Fw.ParallelWorker#3] INFO  ExtentReportHooks - step pass Verify following are appearing on the page or not
2025-06-09 15:09:30,988 [NUnit.Fw.ParallelWorker#2] INFO  ExtentReportHooks - Executing feature : 1. Validate Presence of all elements.   Executing Scenario :insdfsdfsdfsdfvalValidate all fields,checkboxes, radio buttons, Submit button and hyperlinks are appearing on the page..                        Exectuting stepVerify following are appearing on the page or not
2025-06-09 15:09:30,988 [NUnit.Fw.ParallelWorker#2] INFO  ExtentReportHooks - step pass Verify following are appearing on the page or not
2025-06-09 15:09:31,005 [NUnit.Fw.ParallelWorker#2] INFO  ExtentReportHooks - Executing feature : 1. Validate Presence of all elements.   Executing Scenario :insdfsdfsdfsdfvalValidate all fields,checkboxes, radio buttons, Submit button and hyperlinks are appearing on the page..                        Exectuting stepVerify following radio buttons are appearing on the page or not
2025-06-09 15:09:31,005 [NUnit.Fw.ParallelWorker#8] INFO  ExtentReportHooks - Executing feature : 1. Validate Presence of all elements.   Executing Scenario :Validate all fields,checkboxes, radio buttons, Submit button and hyperlinks are appearing on the page..                        Exectuting stepVerify following radio buttons are appearing on the page or not
2025-06-09 15:09:31,005 [NUnit.Fw.ParallelWorker#3] INFO  ExtentReportHooks - Executing feature : 1. Validate Presence of all elements.   Executing Scenario :invalValidate all fields,checkboxes, radio buttons, Submit button and hyperlinks are appearing on the page..                        Exectuting stepVerify following radio buttons are appearing on the page or not
2025-06-09 15:09:31,005 [NUnit.Fw.ParallelWorker#2] INFO  ExtentReportHooks - step pass Verify following radio buttons are appearing on the page or not
2025-06-09 15:09:31,005 [NUnit.Fw.ParallelWorker#3] INFO  ExtentReportHooks - step pass Verify following radio buttons are appearing on the page or not
2025-06-09 15:09:31,005 [NUnit.Fw.ParallelWorker#8] INFO  ExtentReportHooks - step pass Verify following radio buttons are appearing on the page or not
2025-06-09 15:09:31,018 [NUnit.Fw.ParallelWorker#8] INFO  ExtentReportHooks - Executing feature : 1. Validate Presence of all elements.   Executing Scenario :Validate all fields,checkboxes, radio buttons, Submit button and hyperlinks are appearing on the page..                        Exectuting stepVerify following check box buttons are appearing on the page or not
2025-06-09 15:09:31,018 [NUnit.Fw.ParallelWorker#3] INFO  ExtentReportHooks - Executing feature : 1. Validate Presence of all elements.   Executing Scenario :invalValidate all fields,checkboxes, radio buttons, Submit button and hyperlinks are appearing on the page..                        Exectuting stepVerify following check box buttons are appearing on the page or not
2025-06-09 15:09:31,018 [NUnit.Fw.ParallelWorker#8] INFO  ExtentReportHooks - step pass Verify following check box buttons are appearing on the page or not
2025-06-09 15:09:31,018 [NUnit.Fw.ParallelWorker#3] INFO  ExtentReportHooks - step pass Verify following check box buttons are appearing on the page or not
2025-06-09 15:09:31,018 [NUnit.Fw.ParallelWorker#2] INFO  ExtentReportHooks - Executing feature : 1. Validate Presence of all elements.   Executing Scenario :insdfsdfsdfsdfvalValidate all fields,checkboxes, radio buttons, Submit button and hyperlinks are appearing on the page..                        Exectuting stepVerify following check box buttons are appearing on the page or not
2025-06-09 15:09:31,018 [NUnit.Fw.ParallelWorker#2] INFO  ExtentReportHooks - step pass Verify following check box buttons are appearing on the page or not
2025-06-09 15:09:31,021 [NUnit.Fw.ParallelWorker#3] INFO  ExtentReportHooks - ✅ Scenario 'invalValidate all fields,checkboxes, radio buttons, Submit button and hyperlinks are appearing on the page.' executed successfully.
2025-06-09 15:09:31,021 [NUnit.Fw.ParallelWorker#8] INFO  ExtentReportHooks - ✅ Scenario 'Validate all fields,checkboxes, radio buttons, Submit button and hyperlinks are appearing on the page.' executed successfully.
2025-06-09 15:09:31,021 [NUnit.Fw.ParallelWorker#2] INFO  ExtentReportHooks - ✅ Scenario 'insdfsdfsdfsdfvalValidate all fields,checkboxes, radio buttons, Submit button and hyperlinks are appearing on the page.' executed successfully.
2025-06-10 11:17:16,649 [NUnit.Fw.ParallelWorker#1] INFO  sampleProject.StepDefinitions.stepDefinitions - yuppie
2025-06-10 11:17:16,649 [NUnit.Fw.ParallelWorker#4] INFO  sampleProject.StepDefinitions.stepDefinitions - yuppie
2025-06-10 11:17:16,649 [NUnit.Fw.ParallelWorker#6] INFO  sampleProject.StepDefinitions.stepDefinitions - yuppie
2025-06-10 11:17:20,187 [NUnit.Fw.ParallelWorker#1] INFO  ExtentReportHooks - Executing feature : 1. Validate Presence of all elements.   Executing Scenario :invalValidate all fields,checkboxes, radio buttons, Submit button and hyperlinks are appearing on the page..                        Exectuting stepI open chrome browser
2025-06-10 11:17:20,187 [NUnit.Fw.ParallelWorker#6] INFO  ExtentReportHooks - Executing feature : 1. Validate Presence of all elements.   Executing Scenario :insdfsdfsdfsdfvalValidate all fields,checkboxes, radio buttons, Submit button and hyperlinks are appearing on the page..                        Exectuting stepI open chrome browser
2025-06-10 11:17:20,187 [NUnit.Fw.ParallelWorker#4] INFO  ExtentReportHooks - Executing feature : 1. Validate Presence of all elements.   Executing Scenario :Validate all fields,checkboxes, radio buttons, Submit button and hyperlinks are appearing on the page..                        Exectuting stepI open chrome browser
2025-06-10 11:17:20,187 [NUnit.Fw.ParallelWorker#6] INFO  ExtentReportHooks - step pass I open chrome browser
2025-06-10 11:17:20,187 [NUnit.Fw.ParallelWorker#4] INFO  ExtentReportHooks - step pass I open chrome browser
2025-06-10 11:17:20,187 [NUnit.Fw.ParallelWorker#1] INFO  ExtentReportHooks - step pass I open chrome browser
2025-06-10 11:17:20,483 [NUnit.Fw.ParallelWorker#1] INFO  ExtentReportHooks - Executing feature : 1. Validate Presence of all elements.   Executing Scenario :invalValidate all fields,checkboxes, radio buttons, Submit button and hyperlinks are appearing on the page..                        Exectuting stepI am on the Home Page of test Website
2025-06-10 11:17:20,494 [NUnit.Fw.ParallelWorker#1] INFO  ExtentReportHooks - step pass I am on the Home Page of test Website
2025-06-10 11:17:20,483 [NUnit.Fw.ParallelWorker#4] INFO  ExtentReportHooks - Executing feature : 1. Validate Presence of all elements.   Executing Scenario :Validate all fields,checkboxes, radio buttons, Submit button and hyperlinks are appearing on the page..                        Exectuting stepI am on the Home Page of test Website
2025-06-10 11:17:20,483 [NUnit.Fw.ParallelWorker#6] INFO  ExtentReportHooks - Executing feature : 1. Validate Presence of all elements.   Executing Scenario :insdfsdfsdfsdfvalValidate all fields,checkboxes, radio buttons, Submit button and hyperlinks are appearing on the page..                        Exectuting stepI am on the Home Page of test Website
2025-06-10 11:17:20,505 [NUnit.Fw.ParallelWorker#4] INFO  ExtentReportHooks - step pass I am on the Home Page of test Website
2025-06-10 11:17:20,505 [NUnit.Fw.ParallelWorker#6] INFO  ExtentReportHooks - step pass I am on the Home Page of test Website
2025-06-10 11:17:20,634 [NUnit.Fw.ParallelWorker#4] INFO  ExtentReportHooks - Executing feature : 1. Validate Presence of all elements.   Executing Scenario :Validate all fields,checkboxes, radio buttons, Submit button and hyperlinks are appearing on the page..                        Exectuting stepVerify following are appearing on the page or not
2025-06-10 11:17:20,635 [NUnit.Fw.ParallelWorker#4] INFO  ExtentReportHooks - step pass Verify following are appearing on the page or not
2025-06-10 11:17:20,638 [NUnit.Fw.ParallelWorker#6] INFO  ExtentReportHooks - Executing feature : 1. Validate Presence of all elements.   Executing Scenario :insdfsdfsdfsdfvalValidate all fields,checkboxes, radio buttons, Submit button and hyperlinks are appearing on the page..                        Exectuting stepVerify following are appearing on the page or not
2025-06-10 11:17:20,638 [NUnit.Fw.ParallelWorker#6] INFO  ExtentReportHooks - step pass Verify following are appearing on the page or not
2025-06-10 11:17:20,638 [NUnit.Fw.ParallelWorker#1] INFO  ExtentReportHooks - Executing feature : 1. Validate Presence of all elements.   Executing Scenario :invalValidate all fields,checkboxes, radio buttons, Submit button and hyperlinks are appearing on the page..                        Exectuting stepVerify following are appearing on the page or not
2025-06-10 11:17:20,638 [NUnit.Fw.ParallelWorker#1] INFO  ExtentReportHooks - step pass Verify following are appearing on the page or not
2025-06-10 11:17:20,654 [NUnit.Fw.ParallelWorker#4] INFO  ExtentReportHooks - Executing feature : 1. Validate Presence of all elements.   Executing Scenario :Validate all fields,checkboxes, radio buttons, Submit button and hyperlinks are appearing on the page..                        Exectuting stepVerify following radio buttons are appearing on the page or not
2025-06-10 11:17:20,654 [NUnit.Fw.ParallelWorker#4] INFO  ExtentReportHooks - step pass Verify following radio buttons are appearing on the page or not
2025-06-10 11:17:20,655 [NUnit.Fw.ParallelWorker#1] INFO  ExtentReportHooks - Executing feature : 1. Validate Presence of all elements.   Executing Scenario :invalValidate all fields,checkboxes, radio buttons, Submit button and hyperlinks are appearing on the page..                        Exectuting stepVerify following radio buttons are appearing on the page or not
2025-06-10 11:17:20,655 [NUnit.Fw.ParallelWorker#6] INFO  ExtentReportHooks - Executing feature : 1. Validate Presence of all elements.   Executing Scenario :insdfsdfsdfsdfvalValidate all fields,checkboxes, radio buttons, Submit button and hyperlinks are appearing on the page..                        Exectuting stepVerify following radio buttons are appearing on the page or not
2025-06-10 11:17:20,655 [NUnit.Fw.ParallelWorker#6] INFO  ExtentReportHooks - step pass Verify following radio buttons are appearing on the page or not
2025-06-10 11:17:20,655 [NUnit.Fw.ParallelWorker#1] INFO  ExtentReportHooks - step pass Verify following radio buttons are appearing on the page or not
2025-06-10 11:17:20,670 [NUnit.Fw.ParallelWorker#1] INFO  ExtentReportHooks - Executing feature : 1. Validate Presence of all elements.   Executing Scenario :invalValidate all fields,checkboxes, radio buttons, Submit button and hyperlinks are appearing on the page..                        Exectuting stepVerify following check box buttons are appearing on the page or not
2025-06-10 11:17:20,670 [NUnit.Fw.ParallelWorker#6] INFO  ExtentReportHooks - Executing feature : 1. Validate Presence of all elements.   Executing Scenario :insdfsdfsdfsdfvalValidate all fields,checkboxes, radio buttons, Submit button and hyperlinks are appearing on the page..                        Exectuting stepVerify following check box buttons are appearing on the page or not
2025-06-10 11:17:20,670 [NUnit.Fw.ParallelWorker#4] INFO  ExtentReportHooks - Executing feature : 1. Validate Presence of all elements.   Executing Scenario :Validate all fields,checkboxes, radio buttons, Submit button and hyperlinks are appearing on the page..                        Exectuting stepVerify following check box buttons are appearing on the page or not
2025-06-10 11:17:20,671 [NUnit.Fw.ParallelWorker#6] INFO  ExtentReportHooks - step pass Verify following check box buttons are appearing on the page or not
2025-06-10 11:17:20,670 [NUnit.Fw.ParallelWorker#1] INFO  ExtentReportHooks - step pass Verify following check box buttons are appearing on the page or not
2025-06-10 11:17:20,671 [NUnit.Fw.ParallelWorker#4] INFO  ExtentReportHooks - step pass Verify following check box buttons are appearing on the page or not
2025-06-10 11:17:20,673 [NUnit.Fw.ParallelWorker#1] INFO  ExtentReportHooks - ✅ Scenario 'invalValidate all fields,checkboxes, radio buttons, Submit button and hyperlinks are appearing on the page.' executed successfully.
2025-06-10 11:17:20,673 [NUnit.Fw.ParallelWorker#6] INFO  ExtentReportHooks - ✅ Scenario 'insdfsdfsdfsdfvalValidate all fields,checkboxes, radio buttons, Submit button and hyperlinks are appearing on the page.' executed successfully.
2025-06-10 11:17:20,673 [NUnit.Fw.ParallelWorker#4] INFO  ExtentReportHooks - ✅ Scenario 'Validate all fields,checkboxes, radio buttons, Submit button and hyperlinks are appearing on the page.' executed successfully.
2025-06-10 11:18:11,789 [NUnit.Fw.ParallelWorker#2] INFO  sampleProject.StepDefinitions.stepDefinitions - yuppie
2025-06-10 11:18:11,789 [NUnit.Fw.ParallelWorker#7] INFO  sampleProject.StepDefinitions.stepDefinitions - yuppie
2025-06-10 11:18:11,789 [NUnit.Fw.ParallelWorker#8] INFO  sampleProject.StepDefinitions.stepDefinitions - yuppie
2025-06-10 11:18:13,815 [NUnit.Fw.ParallelWorker#7] INFO  ExtentReportHooks - Executing feature : 1. Validate Presence of all elements.   Executing Scenario :Validate all fields,checkboxes, radio buttons, Submit button and hyperlinks are appearing on the page..                        Exectuting stepI open chrome browser
2025-06-10 11:18:13,815 [NUnit.Fw.ParallelWorker#2] INFO  ExtentReportHooks - Executing feature : 1. Validate Presence of all elements.   Executing Scenario :invalValidate all fields,checkboxes, radio buttons, Submit button and hyperlinks are appearing on the page..                        Exectuting stepI open chrome browser
2025-06-10 11:18:13,815 [NUnit.Fw.ParallelWorker#8] INFO  ExtentReportHooks - Executing feature : 1. Validate Presence of all elements.   Executing Scenario :insdfsdfsdfsdfvalValidate all fields,checkboxes, radio buttons, Submit button and hyperlinks are appearing on the page..                        Exectuting stepI open chrome browser
2025-06-10 11:18:13,816 [NUnit.Fw.ParallelWorker#2] INFO  ExtentReportHooks - step pass I open chrome browser
2025-06-10 11:18:13,816 [NUnit.Fw.ParallelWorker#8] INFO  ExtentReportHooks - step pass I open chrome browser
2025-06-10 11:18:13,816 [NUnit.Fw.ParallelWorker#7] INFO  ExtentReportHooks - step pass I open chrome browser
2025-06-10 11:18:14,039 [NUnit.Fw.ParallelWorker#8] INFO  ExtentReportHooks - Executing feature : 1. Validate Presence of all elements.   Executing Scenario :insdfsdfsdfsdfvalValidate all fields,checkboxes, radio buttons, Submit button and hyperlinks are appearing on the page..                        Exectuting stepI am on the Home Page of test Website
2025-06-10 11:18:14,039 [NUnit.Fw.ParallelWorker#8] INFO  ExtentReportHooks - step pass I am on the Home Page of test Website
2025-06-10 11:18:14,040 [NUnit.Fw.ParallelWorker#7] INFO  ExtentReportHooks - Executing feature : 1. Validate Presence of all elements.   Executing Scenario :Validate all fields,checkboxes, radio buttons, Submit button and hyperlinks are appearing on the page..                        Exectuting stepI am on the Home Page of test Website
2025-06-10 11:18:14,040 [NUnit.Fw.ParallelWorker#2] INFO  ExtentReportHooks - Executing feature : 1. Validate Presence of all elements.   Executing Scenario :invalValidate all fields,checkboxes, radio buttons, Submit button and hyperlinks are appearing on the page..                        Exectuting stepI am on the Home Page of test Website
2025-06-10 11:18:14,047 [NUnit.Fw.ParallelWorker#7] INFO  ExtentReportHooks - step pass I am on the Home Page of test Website
2025-06-10 11:18:14,047 [NUnit.Fw.ParallelWorker#2] INFO  ExtentReportHooks - step pass I am on the Home Page of test Website
2025-06-10 11:18:14,189 [NUnit.Fw.ParallelWorker#8] INFO  ExtentReportHooks - Executing feature : 1. Validate Presence of all elements.   Executing Scenario :insdfsdfsdfsdfvalValidate all fields,checkboxes, radio buttons, Submit button and hyperlinks are appearing on the page..                        Exectuting stepVerify following are appearing on the page or not
2025-06-10 11:18:14,189 [NUnit.Fw.ParallelWorker#8] INFO  ExtentReportHooks - step pass Verify following are appearing on the page or not
2025-06-10 11:18:14,189 [NUnit.Fw.ParallelWorker#7] INFO  ExtentReportHooks - Executing feature : 1. Validate Presence of all elements.   Executing Scenario :Validate all fields,checkboxes, radio buttons, Submit button and hyperlinks are appearing on the page..                        Exectuting stepVerify following are appearing on the page or not
2025-06-10 11:18:14,189 [NUnit.Fw.ParallelWorker#7] INFO  ExtentReportHooks - step pass Verify following are appearing on the page or not
2025-06-10 11:18:14,189 [NUnit.Fw.ParallelWorker#2] INFO  ExtentReportHooks - Executing feature : 1. Validate Presence of all elements.   Executing Scenario :invalValidate all fields,checkboxes, radio buttons, Submit button and hyperlinks are appearing on the page..                        Exectuting stepVerify following are appearing on the page or not
2025-06-10 11:18:14,189 [NUnit.Fw.ParallelWorker#2] INFO  ExtentReportHooks - step pass Verify following are appearing on the page or not
2025-06-10 11:18:14,205 [NUnit.Fw.ParallelWorker#7] INFO  ExtentReportHooks - Executing feature : 1. Validate Presence of all elements.   Executing Scenario :Validate all fields,checkboxes, radio buttons, Submit button and hyperlinks are appearing on the page..                        Exectuting stepVerify following radio buttons are appearing on the page or not
2025-06-10 11:18:14,205 [NUnit.Fw.ParallelWorker#2] INFO  ExtentReportHooks - Executing feature : 1. Validate Presence of all elements.   Executing Scenario :invalValidate all fields,checkboxes, radio buttons, Submit button and hyperlinks are appearing on the page..                        Exectuting stepVerify following radio buttons are appearing on the page or not
2025-06-10 11:18:14,205 [NUnit.Fw.ParallelWorker#8] INFO  ExtentReportHooks - Executing feature : 1. Validate Presence of all elements.   Executing Scenario :insdfsdfsdfsdfvalValidate all fields,checkboxes, radio buttons, Submit button and hyperlinks are appearing on the page..                        Exectuting stepVerify following radio buttons are appearing on the page or not
2025-06-10 11:18:14,205 [NUnit.Fw.ParallelWorker#2] INFO  ExtentReportHooks - step pass Verify following radio buttons are appearing on the page or not
2025-06-10 11:18:14,205 [NUnit.Fw.ParallelWorker#7] INFO  ExtentReportHooks - step pass Verify following radio buttons are appearing on the page or not
2025-06-10 11:18:14,205 [NUnit.Fw.ParallelWorker#8] INFO  ExtentReportHooks - step pass Verify following radio buttons are appearing on the page or not
2025-06-10 11:18:14,219 [NUnit.Fw.ParallelWorker#8] INFO  ExtentReportHooks - Executing feature : 1. Validate Presence of all elements.   Executing Scenario :insdfsdfsdfsdfvalValidate all fields,checkboxes, radio buttons, Submit button and hyperlinks are appearing on the page..                        Exectuting stepVerify following check box buttons are appearing on the page or not
2025-06-10 11:18:14,219 [NUnit.Fw.ParallelWorker#2] INFO  ExtentReportHooks - Executing feature : 1. Validate Presence of all elements.   Executing Scenario :invalValidate all fields,checkboxes, radio buttons, Submit button and hyperlinks are appearing on the page..                        Exectuting stepVerify following check box buttons are appearing on the page or not
2025-06-10 11:18:14,219 [NUnit.Fw.ParallelWorker#8] INFO  ExtentReportHooks - step pass Verify following check box buttons are appearing on the page or not
2025-06-10 11:18:14,219 [NUnit.Fw.ParallelWorker#7] INFO  ExtentReportHooks - Executing feature : 1. Validate Presence of all elements.   Executing Scenario :Validate all fields,checkboxes, radio buttons, Submit button and hyperlinks are appearing on the page..                        Exectuting stepVerify following check box buttons are appearing on the page or not
2025-06-10 11:18:14,219 [NUnit.Fw.ParallelWorker#2] INFO  ExtentReportHooks - step pass Verify following check box buttons are appearing on the page or not
2025-06-10 11:18:14,219 [NUnit.Fw.ParallelWorker#7] INFO  ExtentReportHooks - step pass Verify following check box buttons are appearing on the page or not
2025-06-10 11:18:14,222 [NUnit.Fw.ParallelWorker#2] INFO  ExtentReportHooks - ✅ Scenario 'invalValidate all fields,checkboxes, radio buttons, Submit button and hyperlinks are appearing on the page.' executed successfully.
2025-06-10 11:18:14,222 [NUnit.Fw.ParallelWorker#8] INFO  ExtentReportHooks - ✅ Scenario 'insdfsdfsdfsdfvalValidate all fields,checkboxes, radio buttons, Submit button and hyperlinks are appearing on the page.' executed successfully.
2025-06-10 11:18:14,222 [NUnit.Fw.ParallelWorker#7] INFO  ExtentReportHooks - ✅ Scenario 'Validate all fields,checkboxes, radio buttons, Submit button and hyperlinks are appearing on the page.' executed successfully.
2025-06-10 11:19:57,911 [NUnit.Fw.ParallelWorker#6] INFO  sampleProject.StepDefinitions.stepDefinitions - yuppie
2025-06-10 11:19:57,915 [NUnit.Fw.ParallelWorker#1] INFO  sampleProject.StepDefinitions.stepDefinitions - yuppie
2025-06-10 11:19:57,916 [NUnit.Fw.ParallelWorker#2] INFO  sampleProject.StepDefinitions.stepDefinitions - yuppie
2025-06-10 11:20:00,044 [NUnit.Fw.ParallelWorker#4] INFO  ExtentReportHooks - Executing feature : 1. Validate Presence of all elements.   Executing Scenario :insdfsdfsdfsdfvalValidate all fields,checkboxes, radio buttons, Submit button and hyperlinks are appearing on the page..                        Exectuting stepI open chrome browser
2025-06-10 11:20:00,044 [NUnit.Fw.ParallelWorker#2] INFO  ExtentReportHooks - Executing feature : 1. Validate Presence of all elements.   Executing Scenario :invalValidate all fields,checkboxes, radio buttons, Submit button and hyperlinks are appearing on the page..                        Exectuting stepI open chrome browser
2025-06-10 11:20:00,045 [NUnit.Fw.ParallelWorker#5] INFO  ExtentReportHooks - Executing feature : 1233. erttertreValidate Presence of all elements.   Executing Scenario :rttryrtyinvalValidate all fields,checkboxes, radio buttons, Submit button and hyperlinks are appearing on the page..                        Exectuting stepI open chrome browser
2025-06-10 11:20:00,046 [NUnit.Fw.ParallelWorker#4] INFO  ExtentReportHooks - step pass I open chrome browser
2025-06-10 11:20:00,047 [NUnit.Fw.ParallelWorker#5] INFO  ExtentReportHooks - step pass I open chrome browser
2025-06-10 11:20:00,044 [NUnit.Fw.ParallelWorker#1] INFO  ExtentReportHooks - Executing feature : 1233. erttertreValidate Presence of all elements.   Executing Scenario :werwerValidate all fields,checkboxes, radio buttons, Submit button and hyperlinks are appearing on the page..                        Exectuting stepI open chrome browser
2025-06-10 11:20:00,048 [NUnit.Fw.ParallelWorker#1] INFO  ExtentReportHooks - step pass I open chrome browser
2025-06-10 11:20:00,049 [NUnit.Fw.ParallelWorker#2] INFO  ExtentReportHooks - step pass I open chrome browser
2025-06-10 11:20:00,160 [NUnit.Fw.ParallelWorker#1] INFO  ExtentReportHooks - Executing feature : 1233. erttertreValidate Presence of all elements.   Executing Scenario :werwerValidate all fields,checkboxes, radio buttons, Submit button and hyperlinks are appearing on the page..                        Exectuting stepI am on the Home Page of test Website
2025-06-10 11:20:00,177 [NUnit.Fw.ParallelWorker#1] INFO  ExtentReportHooks - step pass I am on the Home Page of test Website
2025-06-10 11:20:00,162 [NUnit.Fw.ParallelWorker#4] INFO  ExtentReportHooks - Executing feature : 1. Validate Presence of all elements.   Executing Scenario :insdfsdfsdfsdfvalValidate all fields,checkboxes, radio buttons, Submit button and hyperlinks are appearing on the page..                        Exectuting stepI am on the Home Page of test Website
2025-06-10 11:20:00,180 [NUnit.Fw.ParallelWorker#4] INFO  ExtentReportHooks - step pass I am on the Home Page of test Website
2025-06-10 11:20:00,322 [NUnit.Fw.ParallelWorker#5] INFO  ExtentReportHooks - Executing feature : 1233. erttertreValidate Presence of all elements.   Executing Scenario :rttryrtyinvalValidate all fields,checkboxes, radio buttons, Submit button and hyperlinks are appearing on the page..                        Exectuting stepI am on the Home Page of test Website
2025-06-10 11:20:00,324 [NUnit.Fw.ParallelWorker#5] INFO  ExtentReportHooks - step pass I am on the Home Page of test Website
2025-06-10 11:20:00,357 [NUnit.Fw.ParallelWorker#2] INFO  ExtentReportHooks - Executing feature : 1. Validate Presence of all elements.   Executing Scenario :invalValidate all fields,checkboxes, radio buttons, Submit button and hyperlinks are appearing on the page..                        Exectuting stepI am on the Home Page of test Website
2025-06-10 11:20:00,361 [NUnit.Fw.ParallelWorker#2] INFO  ExtentReportHooks - step pass I am on the Home Page of test Website
2025-06-10 11:20:00,823 [NUnit.Fw.ParallelWorker#8] INFO  ExtentReportHooks - Executing feature : 1. Validate Presence of all elements.   Executing Scenario :Validate all fields,checkboxes, radio buttons, Submit button and hyperlinks are appearing on the page..                        Exectuting stepI open chrome browser
2025-06-10 11:20:00,823 [NUnit.Fw.ParallelWorker#8] INFO  ExtentReportHooks - step pass I open chrome browser
2025-06-10 11:20:00,962 [NUnit.Fw.ParallelWorker#8] INFO  ExtentReportHooks - Executing feature : 1. Validate Presence of all elements.   Executing Scenario :Validate all fields,checkboxes, radio buttons, Submit button and hyperlinks are appearing on the page..                        Exectuting stepI am on the Home Page of test Website
2025-06-10 11:20:00,971 [NUnit.Fw.ParallelWorker#8] INFO  ExtentReportHooks - step pass I am on the Home Page of test Website
2025-06-10 11:20:00,967 [NUnit.Fw.ParallelWorker#5] INFO  ExtentReportHooks - Executing feature : 1233. erttertreValidate Presence of all elements.   Executing Scenario :rttryrtyinvalValidate all fields,checkboxes, radio buttons, Submit button and hyperlinks are appearing on the page..                        Exectuting stepVerify following are appearing on the page or not
2025-06-10 11:20:00,986 [NUnit.Fw.ParallelWorker#5] INFO  ExtentReportHooks - step pass Verify following are appearing on the page or not
2025-06-10 11:20:00,980 [NUnit.Fw.ParallelWorker#1] INFO  ExtentReportHooks - Executing feature : 1233. erttertreValidate Presence of all elements.   Executing Scenario :werwerValidate all fields,checkboxes, radio buttons, Submit button and hyperlinks are appearing on the page..                        Exectuting stepVerify following are appearing on the page or not
2025-06-10 11:20:00,988 [NUnit.Fw.ParallelWorker#1] INFO  ExtentReportHooks - step pass Verify following are appearing on the page or not
2025-06-10 11:20:00,980 [NUnit.Fw.ParallelWorker#4] INFO  ExtentReportHooks - Executing feature : 1. Validate Presence of all elements.   Executing Scenario :insdfsdfsdfsdfvalValidate all fields,checkboxes, radio buttons, Submit button and hyperlinks are appearing on the page..                        Exectuting stepVerify following are appearing on the page or not
2025-06-10 11:20:00,988 [NUnit.Fw.ParallelWorker#4] INFO  ExtentReportHooks - step pass Verify following are appearing on the page or not
2025-06-10 11:20:01,020 [NUnit.Fw.ParallelWorker#2] INFO  ExtentReportHooks - Executing feature : 1. Validate Presence of all elements.   Executing Scenario :invalValidate all fields,checkboxes, radio buttons, Submit button and hyperlinks are appearing on the page..                        Exectuting stepVerify following are appearing on the page or not
2025-06-10 11:20:01,020 [NUnit.Fw.ParallelWorker#4] INFO  ExtentReportHooks - Executing feature : 1. Validate Presence of all elements.   Executing Scenario :insdfsdfsdfsdfvalValidate all fields,checkboxes, radio buttons, Submit button and hyperlinks are appearing on the page..                        Exectuting stepVerify following radio buttons are appearing on the page or not
2025-06-10 11:20:01,021 [NUnit.Fw.ParallelWorker#2] INFO  ExtentReportHooks - step pass Verify following are appearing on the page or not
2025-06-10 11:20:01,022 [NUnit.Fw.ParallelWorker#4] INFO  ExtentReportHooks - step pass Verify following radio buttons are appearing on the page or not
2025-06-10 11:20:01,034 [NUnit.Fw.ParallelWorker#5] INFO  ExtentReportHooks - Executing feature : 1233. erttertreValidate Presence of all elements.   Executing Scenario :rttryrtyinvalValidate all fields,checkboxes, radio buttons, Submit button and hyperlinks are appearing on the page..                        Exectuting stepVerify following radio buttons are appearing on the page or not
2025-06-10 11:20:01,034 [NUnit.Fw.ParallelWorker#1] INFO  ExtentReportHooks - Executing feature : 1233. erttertreValidate Presence of all elements.   Executing Scenario :werwerValidate all fields,checkboxes, radio buttons, Submit button and hyperlinks are appearing on the page..                        Exectuting stepVerify following radio buttons are appearing on the page or not
2025-06-10 11:20:01,035 [NUnit.Fw.ParallelWorker#5] INFO  ExtentReportHooks - step pass Verify following radio buttons are appearing on the page or not
2025-06-10 11:20:01,035 [NUnit.Fw.ParallelWorker#1] INFO  ExtentReportHooks - step pass Verify following radio buttons are appearing on the page or not
2025-06-10 11:20:01,060 [NUnit.Fw.ParallelWorker#4] INFO  ExtentReportHooks - Executing feature : 1. Validate Presence of all elements.   Executing Scenario :insdfsdfsdfsdfvalValidate all fields,checkboxes, radio buttons, Submit button and hyperlinks are appearing on the page..                        Exectuting stepVerify following check box buttons are appearing on the page or not
2025-06-10 11:20:01,060 [NUnit.Fw.ParallelWorker#4] INFO  ExtentReportHooks - step pass Verify following check box buttons are appearing on the page or not
2025-06-10 11:20:01,061 [NUnit.Fw.ParallelWorker#2] INFO  ExtentReportHooks - Executing feature : 1. Validate Presence of all elements.   Executing Scenario :invalValidate all fields,checkboxes, radio buttons, Submit button and hyperlinks are appearing on the page..                        Exectuting stepVerify following radio buttons are appearing on the page or not
2025-06-10 11:20:01,061 [NUnit.Fw.ParallelWorker#2] INFO  ExtentReportHooks - step pass Verify following radio buttons are appearing on the page or not
2025-06-10 11:20:01,065 [NUnit.Fw.ParallelWorker#5] INFO  ExtentReportHooks - Executing feature : 1233. erttertreValidate Presence of all elements.   Executing Scenario :rttryrtyinvalValidate all fields,checkboxes, radio buttons, Submit button and hyperlinks are appearing on the page..                        Exectuting stepVerify following check box buttons are appearing on the page or not
2025-06-10 11:20:01,067 [NUnit.Fw.ParallelWorker#5] INFO  ExtentReportHooks - step pass Verify following check box buttons are appearing on the page or not
2025-06-10 11:20:01,067 [NUnit.Fw.ParallelWorker#4] INFO  ExtentReportHooks - ✅ Scenario 'insdfsdfsdfsdfvalValidate all fields,checkboxes, radio buttons, Submit button and hyperlinks are appearing on the page.' executed successfully.
2025-06-10 11:20:01,067 [NUnit.Fw.ParallelWorker#1] INFO  ExtentReportHooks - Executing feature : 1233. erttertreValidate Presence of all elements.   Executing Scenario :werwerValidate all fields,checkboxes, radio buttons, Submit button and hyperlinks are appearing on the page..                        Exectuting stepVerify following check box buttons are appearing on the page or not
2025-06-10 11:20:01,068 [NUnit.Fw.ParallelWorker#1] INFO  ExtentReportHooks - step pass Verify following check box buttons are appearing on the page or not
2025-06-10 11:20:01,069 [NUnit.Fw.ParallelWorker#5] INFO  ExtentReportHooks - ✅ Scenario 'rttryrtyinvalValidate all fields,checkboxes, radio buttons, Submit button and hyperlinks are appearing on the page.' executed successfully.
2025-06-10 11:20:01,069 [NUnit.Fw.ParallelWorker#1] INFO  ExtentReportHooks - ✅ Scenario 'werwerValidate all fields,checkboxes, radio buttons, Submit button and hyperlinks are appearing on the page.' executed successfully.
2025-06-10 11:20:01,124 [NUnit.Fw.ParallelWorker#2] INFO  ExtentReportHooks - Executing feature : 1. Validate Presence of all elements.   Executing Scenario :invalValidate all fields,checkboxes, radio buttons, Submit button and hyperlinks are appearing on the page..                        Exectuting stepVerify following check box buttons are appearing on the page or not
2025-06-10 11:20:01,125 [NUnit.Fw.ParallelWorker#2] INFO  ExtentReportHooks - step pass Verify following check box buttons are appearing on the page or not
2025-06-10 11:20:01,126 [NUnit.Fw.ParallelWorker#2] INFO  ExtentReportHooks - ✅ Scenario 'invalValidate all fields,checkboxes, radio buttons, Submit button and hyperlinks are appearing on the page.' executed successfully.
2025-06-10 11:20:01,221 [NUnit.Fw.ParallelWorker#8] INFO  ExtentReportHooks - Executing feature : 1. Validate Presence of all elements.   Executing Scenario :Validate all fields,checkboxes, radio buttons, Submit button and hyperlinks are appearing on the page..                        Exectuting stepVerify following are appearing on the page or not
2025-06-10 11:20:01,221 [NUnit.Fw.ParallelWorker#8] INFO  ExtentReportHooks - step pass Verify following are appearing on the page or not
2025-06-10 11:20:01,237 [NUnit.Fw.ParallelWorker#8] INFO  ExtentReportHooks - Executing feature : 1. Validate Presence of all elements.   Executing Scenario :Validate all fields,checkboxes, radio buttons, Submit button and hyperlinks are appearing on the page..                        Exectuting stepVerify following radio buttons are appearing on the page or not
2025-06-10 11:20:01,237 [NUnit.Fw.ParallelWorker#8] INFO  ExtentReportHooks - step pass Verify following radio buttons are appearing on the page or not
2025-06-10 11:20:01,252 [NUnit.Fw.ParallelWorker#8] INFO  ExtentReportHooks - Executing feature : 1. Validate Presence of all elements.   Executing Scenario :Validate all fields,checkboxes, radio buttons, Submit button and hyperlinks are appearing on the page..                        Exectuting stepVerify following check box buttons are appearing on the page or not
2025-06-10 11:20:01,252 [NUnit.Fw.ParallelWorker#8] INFO  ExtentReportHooks - step pass Verify following check box buttons are appearing on the page or not
2025-06-10 11:20:01,252 [NUnit.Fw.ParallelWorker#8] INFO  ExtentReportHooks - ✅ Scenario 'Validate all fields,checkboxes, radio buttons, Submit button and hyperlinks are appearing on the page.' executed successfully.
2025-06-10 11:20:01,329 [NUnit.Fw.ParallelWorker#6] INFO  ExtentReportHooks - Executing feature : 1233. erttertreValidate Presence of all elements.   Executing Scenario :xcvxcvinsdfsdfsdfsdfvalValidate all fields,checkboxes, radio buttons, Submit button and hyperlinks are appearing on the page..                        Exectuting stepI open chrome browser
2025-06-10 11:20:01,329 [NUnit.Fw.ParallelWorker#6] INFO  ExtentReportHooks - step pass I open chrome browser
2025-06-10 11:20:01,361 [NUnit.Fw.ParallelWorker#6] INFO  ExtentReportHooks - Executing feature : 1233. erttertreValidate Presence of all elements.   Executing Scenario :xcvxcvinsdfsdfsdfsdfvalValidate all fields,checkboxes, radio buttons, Submit button and hyperlinks are appearing on the page..                        Exectuting stepI am on the Home Page of test Website
2025-06-10 11:20:01,364 [NUnit.Fw.ParallelWorker#6] INFO  ExtentReportHooks - step pass I am on the Home Page of test Website
2025-06-10 11:20:01,535 [NUnit.Fw.ParallelWorker#6] INFO  ExtentReportHooks - Executing feature : 1233. erttertreValidate Presence of all elements.   Executing Scenario :xcvxcvinsdfsdfsdfsdfvalValidate all fields,checkboxes, radio buttons, Submit button and hyperlinks are appearing on the page..                        Exectuting stepVerify following are appearing on the page or not
2025-06-10 11:20:01,535 [NUnit.Fw.ParallelWorker#6] INFO  ExtentReportHooks - step pass Verify following are appearing on the page or not
2025-06-10 11:20:01,552 [NUnit.Fw.ParallelWorker#6] INFO  ExtentReportHooks - Executing feature : 1233. erttertreValidate Presence of all elements.   Executing Scenario :xcvxcvinsdfsdfsdfsdfvalValidate all fields,checkboxes, radio buttons, Submit button and hyperlinks are appearing on the page..                        Exectuting stepVerify following radio buttons are appearing on the page or not
2025-06-10 11:20:01,552 [NUnit.Fw.ParallelWorker#6] INFO  ExtentReportHooks - step pass Verify following radio buttons are appearing on the page or not
2025-06-10 11:20:01,569 [NUnit.Fw.ParallelWorker#6] INFO  ExtentReportHooks - Executing feature : 1233. erttertreValidate Presence of all elements.   Executing Scenario :xcvxcvinsdfsdfsdfsdfvalValidate all fields,checkboxes, radio buttons, Submit button and hyperlinks are appearing on the page..                        Exectuting stepVerify following check box buttons are appearing on the page or not
2025-06-10 11:20:01,569 [NUnit.Fw.ParallelWorker#6] INFO  ExtentReportHooks - step pass Verify following check box buttons are appearing on the page or not
2025-06-10 11:20:01,570 [NUnit.Fw.ParallelWorker#6] INFO  ExtentReportHooks - ✅ Scenario 'xcvxcvinsdfsdfsdfsdfvalValidate all fields,checkboxes, radio buttons, Submit button and hyperlinks are appearing on the page.' executed successfully.
2025-06-10 11:20:44,372 [NUnit.Fw.ParallelWorker#4] INFO  sampleProject.StepDefinitions.stepDefinitions - yuppie
2025-06-10 11:20:47,054 [NUnit.Fw.ParallelWorker#2] INFO  ExtentReportHooks - Executing feature : 1. Validate Presence of all elements.   Executing Scenario :invalValidate all fields,checkboxes, radio buttons, Submit button and hyperlinks are appearing on the page..                        Exectuting stepI open chrome browser
2025-06-10 11:20:47,054 [NUnit.Fw.ParallelWorker#1] INFO  ExtentReportHooks - Executing feature : 1233. erttertreValidate Presence of all elements.   Executing Scenario :werwerValidate all fields,checkboxes, radio buttons, Submit button and hyperlinks are appearing on the page..                        Exectuting stepI open chrome browser
2025-06-10 11:20:47,054 [NUnit.Fw.ParallelWorker#5] INFO  ExtentReportHooks - Executing feature : 1233. erttertreValidate Presence of all elements.   Executing Scenario :xcvxcvinsdfsdfsdfsdfvalValidate all fields,checkboxes, radio buttons, Submit button and hyperlinks are appearing on the page..                        Exectuting stepI open chrome browser
2025-06-10 11:20:47,054 [NUnit.Fw.ParallelWorker#4] INFO  ExtentReportHooks - Executing feature : 1. Validate Presence of all elements.   Executing Scenario :insdfsdfsdfsdfvalValidate all fields,checkboxes, radio buttons, Submit button and hyperlinks are appearing on the page..                        Exectuting stepI open chrome browser
2025-06-10 11:20:47,054 [NUnit.Fw.ParallelWorker#6] INFO  ExtentReportHooks - Executing feature : 1. Validate Presence of all elements.   Executing Scenario :Validate all fields,checkboxes, radio buttons, Submit button and hyperlinks are appearing on the page..                        Exectuting stepI open chrome browser
2025-06-10 11:20:47,063 [NUnit.Fw.ParallelWorker#1] INFO  ExtentReportHooks - step pass I open chrome browser
2025-06-10 11:20:47,063 [NUnit.Fw.ParallelWorker#2] INFO  ExtentReportHooks - step pass I open chrome browser
2025-06-10 11:20:47,063 [NUnit.Fw.ParallelWorker#4] INFO  ExtentReportHooks - step pass I open chrome browser
2025-06-10 11:20:47,063 [NUnit.Fw.ParallelWorker#6] INFO  ExtentReportHooks - step pass I open chrome browser
2025-06-10 11:20:47,063 [NUnit.Fw.ParallelWorker#5] INFO  ExtentReportHooks - step pass I open chrome browser
2025-06-10 11:20:47,544 [NUnit.Fw.ParallelWorker#6] INFO  ExtentReportHooks - Executing feature : 1. Validate Presence of all elements.   Executing Scenario :Validate all fields,checkboxes, radio buttons, Submit button and hyperlinks are appearing on the page..                        Exectuting stepI am on the Home Page of test Website
2025-06-10 11:20:47,546 [NUnit.Fw.ParallelWorker#6] INFO  ExtentReportHooks - step pass I am on the Home Page of test Website
2025-06-10 11:20:47,544 [NUnit.Fw.ParallelWorker#2] INFO  ExtentReportHooks - Executing feature : 1. Validate Presence of all elements.   Executing Scenario :invalValidate all fields,checkboxes, radio buttons, Submit button and hyperlinks are appearing on the page..                        Exectuting stepI am on the Home Page of test Website
2025-06-10 11:20:47,557 [NUnit.Fw.ParallelWorker#2] INFO  ExtentReportHooks - step pass I am on the Home Page of test Website
2025-06-10 11:20:47,554 [NUnit.Fw.ParallelWorker#5] INFO  ExtentReportHooks - Executing feature : 1233. erttertreValidate Presence of all elements.   Executing Scenario :xcvxcvinsdfsdfsdfsdfvalValidate all fields,checkboxes, radio buttons, Submit button and hyperlinks are appearing on the page..                        Exectuting stepI am on the Home Page of test Website
2025-06-10 11:20:47,567 [NUnit.Fw.ParallelWorker#5] INFO  ExtentReportHooks - step pass I am on the Home Page of test Website
2025-06-10 11:20:47,544 [NUnit.Fw.ParallelWorker#4] INFO  ExtentReportHooks - Executing feature : 1. Validate Presence of all elements.   Executing Scenario :insdfsdfsdfsdfvalValidate all fields,checkboxes, radio buttons, Submit button and hyperlinks are appearing on the page..                        Exectuting stepI am on the Home Page of test Website
2025-06-10 11:20:47,578 [NUnit.Fw.ParallelWorker#4] INFO  ExtentReportHooks - step pass I am on the Home Page of test Website
2025-06-10 11:20:47,554 [NUnit.Fw.ParallelWorker#1] INFO  ExtentReportHooks - Executing feature : 1233. erttertreValidate Presence of all elements.   Executing Scenario :werwerValidate all fields,checkboxes, radio buttons, Submit button and hyperlinks are appearing on the page..                        Exectuting stepI am on the Home Page of test Website
2025-06-10 11:20:47,585 [NUnit.Fw.ParallelWorker#1] INFO  ExtentReportHooks - step pass I am on the Home Page of test Website
2025-06-10 11:20:47,822 [NUnit.Fw.ParallelWorker#1] INFO  ExtentReportHooks - Executing feature : 1233. erttertreValidate Presence of all elements.   Executing Scenario :werwerValidate all fields,checkboxes, radio buttons, Submit button and hyperlinks are appearing on the page..                        Exectuting stepVerify following are appearing on the page or not
2025-06-10 11:20:47,822 [NUnit.Fw.ParallelWorker#1] INFO  ExtentReportHooks - step pass Verify following are appearing on the page or not
2025-06-10 11:20:47,823 [NUnit.Fw.ParallelWorker#5] INFO  ExtentReportHooks - Executing feature : 1233. erttertreValidate Presence of all elements.   Executing Scenario :xcvxcvinsdfsdfsdfsdfvalValidate all fields,checkboxes, radio buttons, Submit button and hyperlinks are appearing on the page..                        Exectuting stepVerify following are appearing on the page or not
2025-06-10 11:20:47,823 [NUnit.Fw.ParallelWorker#5] INFO  ExtentReportHooks - step pass Verify following are appearing on the page or not
2025-06-10 11:20:47,826 [NUnit.Fw.ParallelWorker#4] INFO  ExtentReportHooks - Executing feature : 1. Validate Presence of all elements.   Executing Scenario :insdfsdfsdfsdfvalValidate all fields,checkboxes, radio buttons, Submit button and hyperlinks are appearing on the page..                        Exectuting stepVerify following are appearing on the page or not
2025-06-10 11:20:47,826 [NUnit.Fw.ParallelWorker#4] INFO  ExtentReportHooks - step pass Verify following are appearing on the page or not
2025-06-10 11:20:47,831 [NUnit.Fw.ParallelWorker#2] INFO  ExtentReportHooks - Executing feature : 1. Validate Presence of all elements.   Executing Scenario :invalValidate all fields,checkboxes, radio buttons, Submit button and hyperlinks are appearing on the page..                        Exectuting stepVerify following are appearing on the page or not
2025-06-10 11:20:47,833 [NUnit.Fw.ParallelWorker#2] INFO  ExtentReportHooks - step pass Verify following are appearing on the page or not
2025-06-10 11:20:47,840 [NUnit.Fw.ParallelWorker#6] INFO  ExtentReportHooks - Executing feature : 1. Validate Presence of all elements.   Executing Scenario :Validate all fields,checkboxes, radio buttons, Submit button and hyperlinks are appearing on the page..                        Exectuting stepVerify following are appearing on the page or not
2025-06-10 11:20:47,840 [NUnit.Fw.ParallelWorker#6] INFO  ExtentReportHooks - step pass Verify following are appearing on the page or not
2025-06-10 11:20:47,854 [NUnit.Fw.ParallelWorker#5] INFO  ExtentReportHooks - Executing feature : 1233. erttertreValidate Presence of all elements.   Executing Scenario :xcvxcvinsdfsdfsdfsdfvalValidate all fields,checkboxes, radio buttons, Submit button and hyperlinks are appearing on the page..                        Exectuting stepVerify following radio buttons are appearing on the page or not
2025-06-10 11:20:47,854 [NUnit.Fw.ParallelWorker#5] INFO  ExtentReportHooks - step pass Verify following radio buttons are appearing on the page or not
2025-06-10 11:20:47,854 [NUnit.Fw.ParallelWorker#4] INFO  ExtentReportHooks - Executing feature : 1. Validate Presence of all elements.   Executing Scenario :insdfsdfsdfsdfvalValidate all fields,checkboxes, radio buttons, Submit button and hyperlinks are appearing on the page..                        Exectuting stepVerify following radio buttons are appearing on the page or not
2025-06-10 11:20:47,854 [NUnit.Fw.ParallelWorker#4] INFO  ExtentReportHooks - step pass Verify following radio buttons are appearing on the page or not
2025-06-10 11:20:47,854 [NUnit.Fw.ParallelWorker#1] INFO  ExtentReportHooks - Executing feature : 1233. erttertreValidate Presence of all elements.   Executing Scenario :werwerValidate all fields,checkboxes, radio buttons, Submit button and hyperlinks are appearing on the page..                        Exectuting stepVerify following radio buttons are appearing on the page or not
2025-06-10 11:20:47,854 [NUnit.Fw.ParallelWorker#1] INFO  ExtentReportHooks - step pass Verify following radio buttons are appearing on the page or not
2025-06-10 11:20:47,860 [NUnit.Fw.ParallelWorker#2] INFO  ExtentReportHooks - Executing feature : 1. Validate Presence of all elements.   Executing Scenario :invalValidate all fields,checkboxes, radio buttons, Submit button and hyperlinks are appearing on the page..                        Exectuting stepVerify following radio buttons are appearing on the page or not
2025-06-10 11:20:47,860 [NUnit.Fw.ParallelWorker#2] INFO  ExtentReportHooks - step pass Verify following radio buttons are appearing on the page or not
2025-06-10 11:20:47,866 [NUnit.Fw.ParallelWorker#6] INFO  ExtentReportHooks - Executing feature : 1. Validate Presence of all elements.   Executing Scenario :Validate all fields,checkboxes, radio buttons, Submit button and hyperlinks are appearing on the page..                        Exectuting stepVerify following radio buttons are appearing on the page or not
2025-06-10 11:20:47,867 [NUnit.Fw.ParallelWorker#6] INFO  ExtentReportHooks - step pass Verify following radio buttons are appearing on the page or not
2025-06-10 11:20:47,873 [NUnit.Fw.ParallelWorker#5] INFO  ExtentReportHooks - Executing feature : 1233. erttertreValidate Presence of all elements.   Executing Scenario :xcvxcvinsdfsdfsdfsdfvalValidate all fields,checkboxes, radio buttons, Submit button and hyperlinks are appearing on the page..                        Exectuting stepVerify following check box buttons are appearing on the page or not
2025-06-10 11:20:47,874 [NUnit.Fw.ParallelWorker#5] INFO  ExtentReportHooks - step pass Verify following check box buttons are appearing on the page or not
2025-06-10 11:20:47,874 [NUnit.Fw.ParallelWorker#1] INFO  ExtentReportHooks - Executing feature : 1233. erttertreValidate Presence of all elements.   Executing Scenario :werwerValidate all fields,checkboxes, radio buttons, Submit button and hyperlinks are appearing on the page..                        Exectuting stepVerify following check box buttons are appearing on the page or not
2025-06-10 11:20:47,874 [NUnit.Fw.ParallelWorker#1] INFO  ExtentReportHooks - step pass Verify following check box buttons are appearing on the page or not
2025-06-10 11:20:47,875 [NUnit.Fw.ParallelWorker#4] INFO  ExtentReportHooks - Executing feature : 1. Validate Presence of all elements.   Executing Scenario :insdfsdfsdfsdfvalValidate all fields,checkboxes, radio buttons, Submit button and hyperlinks are appearing on the page..                        Exectuting stepVerify following check box buttons are appearing on the page or not
2025-06-10 11:20:47,875 [NUnit.Fw.ParallelWorker#4] INFO  ExtentReportHooks - step pass Verify following check box buttons are appearing on the page or not
2025-06-10 11:20:47,878 [NUnit.Fw.ParallelWorker#4] INFO  ExtentReportHooks - ✅ Scenario 'insdfsdfsdfsdfvalValidate all fields,checkboxes, radio buttons, Submit button and hyperlinks are appearing on the page.' executed successfully.
2025-06-10 11:20:47,878 [NUnit.Fw.ParallelWorker#5] INFO  ExtentReportHooks - ✅ Scenario 'xcvxcvinsdfsdfsdfsdfvalValidate all fields,checkboxes, radio buttons, Submit button and hyperlinks are appearing on the page.' executed successfully.
2025-06-10 11:20:47,878 [NUnit.Fw.ParallelWorker#1] INFO  ExtentReportHooks - ✅ Scenario 'werwerValidate all fields,checkboxes, radio buttons, Submit button and hyperlinks are appearing on the page.' executed successfully.
2025-06-10 11:20:47,879 [NUnit.Fw.ParallelWorker#2] INFO  ExtentReportHooks - Executing feature : 1. Validate Presence of all elements.   Executing Scenario :invalValidate all fields,checkboxes, radio buttons, Submit button and hyperlinks are appearing on the page..                        Exectuting stepVerify following check box buttons are appearing on the page or not
2025-06-10 11:20:47,879 [NUnit.Fw.ParallelWorker#2] INFO  ExtentReportHooks - step pass Verify following check box buttons are appearing on the page or not
2025-06-10 11:20:47,880 [NUnit.Fw.ParallelWorker#2] INFO  ExtentReportHooks - ✅ Scenario 'invalValidate all fields,checkboxes, radio buttons, Submit button and hyperlinks are appearing on the page.' executed successfully.
2025-06-10 11:20:47,935 [NUnit.Fw.ParallelWorker#6] INFO  ExtentReportHooks - Executing feature : 1. Validate Presence of all elements.   Executing Scenario :Validate all fields,checkboxes, radio buttons, Submit button and hyperlinks are appearing on the page..                        Exectuting stepVerify following check box buttons are appearing on the page or not
2025-06-10 11:20:47,935 [NUnit.Fw.ParallelWorker#6] INFO  ExtentReportHooks - step pass Verify following check box buttons are appearing on the page or not
2025-06-10 11:20:47,936 [NUnit.Fw.ParallelWorker#6] INFO  ExtentReportHooks - ✅ Scenario 'Validate all fields,checkboxes, radio buttons, Submit button and hyperlinks are appearing on the page.' executed successfully.
2025-06-10 11:20:48,074 [NUnit.Fw.ParallelWorker#8] INFO  ExtentReportHooks - Executing feature : 1233. erttertreValidate Presence of all elements.   Executing Scenario :rttryrtyinvalValidate all fields,checkboxes, radio buttons, Submit button and hyperlinks are appearing on the page..                        Exectuting stepI open chrome browser
2025-06-10 11:20:48,074 [NUnit.Fw.ParallelWorker#8] INFO  ExtentReportHooks - step pass I open chrome browser
2025-06-10 11:20:48,186 [NUnit.Fw.ParallelWorker#8] INFO  ExtentReportHooks - Executing feature : 1233. erttertreValidate Presence of all elements.   Executing Scenario :rttryrtyinvalValidate all fields,checkboxes, radio buttons, Submit button and hyperlinks are appearing on the page..                        Exectuting stepI am on the Home Page of test Website
2025-06-10 11:20:48,188 [NUnit.Fw.ParallelWorker#8] INFO  ExtentReportHooks - step pass I am on the Home Page of test Website
2025-06-10 11:20:48,289 [NUnit.Fw.ParallelWorker#8] INFO  ExtentReportHooks - Executing feature : 1233. erttertreValidate Presence of all elements.   Executing Scenario :rttryrtyinvalValidate all fields,checkboxes, radio buttons, Submit button and hyperlinks are appearing on the page..                        Exectuting stepVerify following are appearing on the page or not
2025-06-10 11:20:48,289 [NUnit.Fw.ParallelWorker#8] INFO  ExtentReportHooks - step pass Verify following are appearing on the page or not
2025-06-10 11:20:48,302 [NUnit.Fw.ParallelWorker#8] INFO  ExtentReportHooks - Executing feature : 1233. erttertreValidate Presence of all elements.   Executing Scenario :rttryrtyinvalValidate all fields,checkboxes, radio buttons, Submit button and hyperlinks are appearing on the page..                        Exectuting stepVerify following radio buttons are appearing on the page or not
2025-06-10 11:20:48,302 [NUnit.Fw.ParallelWorker#8] INFO  ExtentReportHooks - step pass Verify following radio buttons are appearing on the page or not
2025-06-10 11:20:48,311 [NUnit.Fw.ParallelWorker#8] INFO  ExtentReportHooks - Executing feature : 1233. erttertreValidate Presence of all elements.   Executing Scenario :rttryrtyinvalValidate all fields,checkboxes, radio buttons, Submit button and hyperlinks are appearing on the page..                        Exectuting stepVerify following check box buttons are appearing on the page or not
2025-06-10 11:20:48,311 [NUnit.Fw.ParallelWorker#8] INFO  ExtentReportHooks - step pass Verify following check box buttons are appearing on the page or not
2025-06-10 11:20:48,312 [NUnit.Fw.ParallelWorker#8] INFO  ExtentReportHooks - ✅ Scenario 'rttryrtyinvalValidate all fields,checkboxes, radio buttons, Submit button and hyperlinks are appearing on the page.' executed successfully.
2025-06-10 11:21:41,528 [NUnit.Fw.ParallelWorker#5] INFO  sampleProject.StepDefinitions.stepDefinitions - yuppie
2025-06-10 11:21:44,155 [NUnit.Fw.ParallelWorker#6] INFO  ExtentReportHooks - Executing feature : 1233. erttertreValidate Presence of all elements.   Executing Scenario :rttryrtyinvalValidate all fields,checkboxes, radio buttons, Submit button and hyperlinks are appearing on the page..                        Exectuting stepI open chrome browser
2025-06-10 11:21:44,155 [NUnit.Fw.ParallelWorker#1] INFO  ExtentReportHooks - Executing feature : 1. Validate Presence of all elements.   Executing Scenario :Validate all fields,checkboxes, radio buttons, Submit button and hyperlinks are appearing on the page..                        Exectuting stepI open chrome browser
2025-06-10 11:21:44,156 [NUnit.Fw.ParallelWorker#6] INFO  ExtentReportHooks - step pass I open chrome browser
2025-06-10 11:21:44,156 [NUnit.Fw.ParallelWorker#1] INFO  ExtentReportHooks - step pass I open chrome browser
2025-06-10 11:21:44,156 [NUnit.Fw.ParallelWorker#5] INFO  ExtentReportHooks - Executing feature : 1. Validate Presence of all elements.   Executing Scenario :insdfsdfsdfsdfvalValidate all fields,checkboxes, radio buttons, Submit button and hyperlinks are appearing on the page..                        Exectuting stepI open chrome browser
2025-06-10 11:21:44,156 [NUnit.Fw.ParallelWorker#7] INFO  ExtentReportHooks - Executing feature : 1233. erttertreValidate Presence of all elements.   Executing Scenario :xcvxcvinsdfsdfsdfsdfvalValidate all fields,checkboxes, radio buttons, Submit button and hyperlinks are appearing on the page..                        Exectuting stepI open chrome browser
2025-06-10 11:21:44,156 [NUnit.Fw.ParallelWorker#5] INFO  ExtentReportHooks - step pass I open chrome browser
2025-06-10 11:21:44,156 [NUnit.Fw.ParallelWorker#7] INFO  ExtentReportHooks - step pass I open chrome browser
2025-06-10 11:21:44,156 [NUnit.Fw.ParallelWorker#3] INFO  ExtentReportHooks - Executing feature : 1233. erttertreValidate Presence of all elements.   Executing Scenario :werwerValidate all fields,checkboxes, radio buttons, Submit button and hyperlinks are appearing on the page..                        Exectuting stepI open chrome browser
2025-06-10 11:21:44,156 [NUnit.Fw.ParallelWorker#3] INFO  ExtentReportHooks - step pass I open chrome browser
2025-06-10 11:21:44,284 [NUnit.Fw.ParallelWorker#6] INFO  ExtentReportHooks - Executing feature : 1233. erttertreValidate Presence of all elements.   Executing Scenario :rttryrtyinvalValidate all fields,checkboxes, radio buttons, Submit button and hyperlinks are appearing on the page..                        Exectuting stepI am on the Home Page of test Website
2025-06-10 11:21:44,284 [NUnit.Fw.ParallelWorker#6] INFO  ExtentReportHooks - step pass I am on the Home Page of test Website
2025-06-10 11:21:44,430 [NUnit.Fw.ParallelWorker#1] INFO  ExtentReportHooks - Executing feature : 1. Validate Presence of all elements.   Executing Scenario :Validate all fields,checkboxes, radio buttons, Submit button and hyperlinks are appearing on the page..                        Exectuting stepI am on the Home Page of test Website
2025-06-10 11:21:44,435 [NUnit.Fw.ParallelWorker#3] INFO  ExtentReportHooks - Executing feature : 1233. erttertreValidate Presence of all elements.   Executing Scenario :werwerValidate all fields,checkboxes, radio buttons, Submit button and hyperlinks are appearing on the page..                        Exectuting stepI am on the Home Page of test Website
2025-06-10 11:21:44,449 [NUnit.Fw.ParallelWorker#3] INFO  ExtentReportHooks - step pass I am on the Home Page of test Website
2025-06-10 11:21:44,435 [NUnit.Fw.ParallelWorker#7] INFO  ExtentReportHooks - Executing feature : 1233. erttertreValidate Presence of all elements.   Executing Scenario :xcvxcvinsdfsdfsdfsdfvalValidate all fields,checkboxes, radio buttons, Submit button and hyperlinks are appearing on the page..                        Exectuting stepI am on the Home Page of test Website
2025-06-10 11:21:44,461 [NUnit.Fw.ParallelWorker#7] INFO  ExtentReportHooks - step pass I am on the Home Page of test Website
2025-06-10 11:21:44,435 [NUnit.Fw.ParallelWorker#5] INFO  ExtentReportHooks - Executing feature : 1. Validate Presence of all elements.   Executing Scenario :insdfsdfsdfsdfvalValidate all fields,checkboxes, radio buttons, Submit button and hyperlinks are appearing on the page..                        Exectuting stepI am on the Home Page of test Website
2025-06-10 11:21:44,505 [NUnit.Fw.ParallelWorker#5] INFO  ExtentReportHooks - step pass I am on the Home Page of test Website
2025-06-10 11:21:44,436 [NUnit.Fw.ParallelWorker#1] INFO  ExtentReportHooks - step pass I am on the Home Page of test Website
2025-06-10 11:21:44,730 [NUnit.Fw.ParallelWorker#1] INFO  ExtentReportHooks - Executing feature : 1. Validate Presence of all elements.   Executing Scenario :Validate all fields,checkboxes, radio buttons, Submit button and hyperlinks are appearing on the page..                        Exectuting stepVerify following are appearing on the page or not
2025-06-10 11:21:44,730 [NUnit.Fw.ParallelWorker#1] INFO  ExtentReportHooks - step pass Verify following are appearing on the page or not
2025-06-10 11:21:44,730 [NUnit.Fw.ParallelWorker#7] INFO  ExtentReportHooks - Executing feature : 1233. erttertreValidate Presence of all elements.   Executing Scenario :xcvxcvinsdfsdfsdfsdfvalValidate all fields,checkboxes, radio buttons, Submit button and hyperlinks are appearing on the page..                        Exectuting stepVerify following are appearing on the page or not
2025-06-10 11:21:44,730 [NUnit.Fw.ParallelWorker#7] INFO  ExtentReportHooks - step pass Verify following are appearing on the page or not
2025-06-10 11:21:44,732 [NUnit.Fw.ParallelWorker#6] INFO  ExtentReportHooks - Executing feature : 1233. erttertreValidate Presence of all elements.   Executing Scenario :rttryrtyinvalValidate all fields,checkboxes, radio buttons, Submit button and hyperlinks are appearing on the page..                        Exectuting stepVerify following are appearing on the page or not
2025-06-10 11:21:44,732 [NUnit.Fw.ParallelWorker#6] INFO  ExtentReportHooks - step pass Verify following are appearing on the page or not
2025-06-10 11:21:44,745 [NUnit.Fw.ParallelWorker#5] INFO  ExtentReportHooks - Executing feature : 1. Validate Presence of all elements.   Executing Scenario :insdfsdfsdfsdfvalValidate all fields,checkboxes, radio buttons, Submit button and hyperlinks are appearing on the page..                        Exectuting stepVerify following are appearing on the page or not
2025-06-10 11:21:44,745 [NUnit.Fw.ParallelWorker#5] INFO  ExtentReportHooks - step pass Verify following are appearing on the page or not
2025-06-10 11:21:44,754 [NUnit.Fw.ParallelWorker#6] INFO  ExtentReportHooks - Executing feature : 1233. erttertreValidate Presence of all elements.   Executing Scenario :rttryrtyinvalValidate all fields,checkboxes, radio buttons, Submit button and hyperlinks are appearing on the page..                        Exectuting stepVerify following radio buttons are appearing on the page or not
2025-06-10 11:21:44,754 [NUnit.Fw.ParallelWorker#6] INFO  ExtentReportHooks - step pass Verify following radio buttons are appearing on the page or not
2025-06-10 11:21:44,757 [NUnit.Fw.ParallelWorker#1] INFO  ExtentReportHooks - Executing feature : 1. Validate Presence of all elements.   Executing Scenario :Validate all fields,checkboxes, radio buttons, Submit button and hyperlinks are appearing on the page..                        Exectuting stepVerify following radio buttons are appearing on the page or not
2025-06-10 11:21:44,757 [NUnit.Fw.ParallelWorker#1] INFO  ExtentReportHooks - step pass Verify following radio buttons are appearing on the page or not
2025-06-10 11:21:44,758 [NUnit.Fw.ParallelWorker#7] INFO  ExtentReportHooks - Executing feature : 1233. erttertreValidate Presence of all elements.   Executing Scenario :xcvxcvinsdfsdfsdfsdfvalValidate all fields,checkboxes, radio buttons, Submit button and hyperlinks are appearing on the page..                        Exectuting stepVerify following radio buttons are appearing on the page or not
2025-06-10 11:21:44,758 [NUnit.Fw.ParallelWorker#7] INFO  ExtentReportHooks - step pass Verify following radio buttons are appearing on the page or not
2025-06-10 11:21:44,767 [NUnit.Fw.ParallelWorker#5] INFO  ExtentReportHooks - Executing feature : 1. Validate Presence of all elements.   Executing Scenario :insdfsdfsdfsdfvalValidate all fields,checkboxes, radio buttons, Submit button and hyperlinks are appearing on the page..                        Exectuting stepVerify following radio buttons are appearing on the page or not
2025-06-10 11:21:44,767 [NUnit.Fw.ParallelWorker#5] INFO  ExtentReportHooks - step pass Verify following radio buttons are appearing on the page or not
2025-06-10 11:21:44,774 [NUnit.Fw.ParallelWorker#1] INFO  ExtentReportHooks - Executing feature : 1. Validate Presence of all elements.   Executing Scenario :Validate all fields,checkboxes, radio buttons, Submit button and hyperlinks are appearing on the page..                        Exectuting stepVerify following check box buttons are appearing on the page or not
2025-06-10 11:21:44,774 [NUnit.Fw.ParallelWorker#6] INFO  ExtentReportHooks - Executing feature : 1233. erttertreValidate Presence of all elements.   Executing Scenario :rttryrtyinvalValidate all fields,checkboxes, radio buttons, Submit button and hyperlinks are appearing on the page..                        Exectuting stepVerify following check box buttons are appearing on the page or not
2025-06-10 11:21:44,774 [NUnit.Fw.ParallelWorker#7] INFO  ExtentReportHooks - Executing feature : 1233. erttertreValidate Presence of all elements.   Executing Scenario :xcvxcvinsdfsdfsdfsdfvalValidate all fields,checkboxes, radio buttons, Submit button and hyperlinks are appearing on the page..                        Exectuting stepVerify following check box buttons are appearing on the page or not
2025-06-10 11:21:44,774 [NUnit.Fw.ParallelWorker#1] INFO  ExtentReportHooks - step pass Verify following check box buttons are appearing on the page or not
2025-06-10 11:21:44,774 [NUnit.Fw.ParallelWorker#6] INFO  ExtentReportHooks - step pass Verify following check box buttons are appearing on the page or not
2025-06-10 11:21:44,774 [NUnit.Fw.ParallelWorker#7] INFO  ExtentReportHooks - step pass Verify following check box buttons are appearing on the page or not
2025-06-10 11:21:44,778 [NUnit.Fw.ParallelWorker#1] INFO  ExtentReportHooks - ✅ Scenario 'Validate all fields,checkboxes, radio buttons, Submit button and hyperlinks are appearing on the page.' executed successfully.
2025-06-10 11:21:44,778 [NUnit.Fw.ParallelWorker#7] INFO  ExtentReportHooks - ✅ Scenario 'xcvxcvinsdfsdfsdfsdfvalValidate all fields,checkboxes, radio buttons, Submit button and hyperlinks are appearing on the page.' executed successfully.
2025-06-10 11:21:44,778 [NUnit.Fw.ParallelWorker#6] INFO  ExtentReportHooks - ✅ Scenario 'rttryrtyinvalValidate all fields,checkboxes, radio buttons, Submit button and hyperlinks are appearing on the page.' executed successfully.
2025-06-10 11:21:44,813 [NUnit.Fw.ParallelWorker#5] INFO  ExtentReportHooks - Executing feature : 1. Validate Presence of all elements.   Executing Scenario :insdfsdfsdfsdfvalValidate all fields,checkboxes, radio buttons, Submit button and hyperlinks are appearing on the page..                        Exectuting stepVerify following check box buttons are appearing on the page or not
2025-06-10 11:21:44,813 [NUnit.Fw.ParallelWorker#5] INFO  ExtentReportHooks - step pass Verify following check box buttons are appearing on the page or not
2025-06-10 11:21:44,813 [NUnit.Fw.ParallelWorker#5] INFO  ExtentReportHooks - ✅ Scenario 'insdfsdfsdfsdfvalValidate all fields,checkboxes, radio buttons, Submit button and hyperlinks are appearing on the page.' executed successfully.
2025-06-10 11:21:44,951 [NUnit.Fw.ParallelWorker#2] INFO  ExtentReportHooks - Executing feature : 1. Validate Presence of all elements.   Executing Scenario :invalValidate all fields,checkboxes, radio buttons, Submit button and hyperlinks are appearing on the page..                        Exectuting stepI open chrome browser
2025-06-10 11:21:44,955 [NUnit.Fw.ParallelWorker#2] INFO  ExtentReportHooks - step pass I open chrome browser
2025-06-10 11:21:45,080 [NUnit.Fw.ParallelWorker#2] INFO  ExtentReportHooks - Executing feature : 1. Validate Presence of all elements.   Executing Scenario :invalValidate all fields,checkboxes, radio buttons, Submit button and hyperlinks are appearing on the page..                        Exectuting stepI am on the Home Page of test Website
2025-06-10 11:21:45,084 [NUnit.Fw.ParallelWorker#2] INFO  ExtentReportHooks - step pass I am on the Home Page of test Website
2025-06-10 11:21:45,182 [NUnit.Fw.ParallelWorker#2] INFO  ExtentReportHooks - Executing feature : 1. Validate Presence of all elements.   Executing Scenario :invalValidate all fields,checkboxes, radio buttons, Submit button and hyperlinks are appearing on the page..                        Exectuting stepVerify following are appearing on the page or not
2025-06-10 11:21:45,182 [NUnit.Fw.ParallelWorker#2] INFO  ExtentReportHooks - step pass Verify following are appearing on the page or not
2025-06-10 11:21:45,194 [NUnit.Fw.ParallelWorker#2] INFO  ExtentReportHooks - Executing feature : 1. Validate Presence of all elements.   Executing Scenario :invalValidate all fields,checkboxes, radio buttons, Submit button and hyperlinks are appearing on the page..                        Exectuting stepVerify following radio buttons are appearing on the page or not
2025-06-10 11:21:45,194 [NUnit.Fw.ParallelWorker#2] INFO  ExtentReportHooks - step pass Verify following radio buttons are appearing on the page or not
2025-06-10 11:21:45,203 [NUnit.Fw.ParallelWorker#2] INFO  ExtentReportHooks - Executing feature : 1. Validate Presence of all elements.   Executing Scenario :invalValidate all fields,checkboxes, radio buttons, Submit button and hyperlinks are appearing on the page..                        Exectuting stepVerify following check box buttons are appearing on the page or not
2025-06-10 11:21:45,203 [NUnit.Fw.ParallelWorker#2] INFO  ExtentReportHooks - step pass Verify following check box buttons are appearing on the page or not
2025-06-10 11:21:45,204 [NUnit.Fw.ParallelWorker#2] INFO  ExtentReportHooks - ✅ Scenario 'invalValidate all fields,checkboxes, radio buttons, Submit button and hyperlinks are appearing on the page.' executed successfully.
2025-06-10 11:22:14,578 [NUnit.Fw.ParallelWorker#3] INFO  ExtentReportHooks - Executing feature : 1233. erttertreValidate Presence of all elements.   Executing Scenario :werwerValidate all fields,checkboxes, radio buttons, Submit button and hyperlinks are appearing on the page..                        Exectuting stepVerify following are appearing on the page or not
2025-06-10 11:22:14,579 [NUnit.Fw.ParallelWorker#3] ERROR ExtentReportHooks - step failVerify following are appearing on the page or not
2025-06-10 11:22:15,225 [NUnit.Fw.ParallelWorker#3] ERROR ExtentReportHooks - ❌ Scenario 'werwerValidate all fields,checkboxes, radio buttons, Submit button and hyperlinks are appearing on the page.' failed with error: no such element: Unable to locate element: {"method":"xpath","selector":"//*[contains(text(),'Text input1')]"}
  (Session info: chrome=137.0.7151.69); For documentation on this error, please visit: https://www.selenium.dev/documentation/webdriver/troubleshooting/errors#no-such-element-exception
2025-06-10 11:23:47,943 [NUnit.Fw.ParallelWorker#5] INFO  sampleProject.StepDefinitions.stepDefinitions - yuppie
2025-06-10 11:23:50,842 [NUnit.Fw.ParallelWorker#5] INFO  ExtentReportHooks - Executing feature : 1233. erttertreValidate Presence of all elements.   Executing Scenario :rttryrtyinvalValidate all fields,checkboxes, radio buttons, Submit button and hyperlinks are appearing on the page..                        Exectuting stepI open chrome browser
2025-06-10 11:23:50,842 [NUnit.Fw.ParallelWorker#3] INFO  ExtentReportHooks - Executing feature : 1233. erttertreValidate Presence of all elements.   Executing Scenario :werwerValidate all fields,checkboxes, radio buttons, Submit button and hyperlinks are appearing on the page..                        Exectuting stepI open chrome browser
2025-06-10 11:23:50,842 [NUnit.Fw.ParallelWorker#6] INFO  ExtentReportHooks - Executing feature : 1233. erttertreValidate Presence of all elements.   Executing Scenario :xcvxcvinsdfsdfsdfsdfvalValidate all fields,checkboxes, radio buttons, Submit button and hyperlinks are appearing on the page..                        Exectuting stepI open chrome browser
2025-06-10 11:23:50,842 [NUnit.Fw.ParallelWorker#8] INFO  ExtentReportHooks - Executing feature : 1. Validate Presence of all elements.   Executing Scenario :invalValidate all fields,checkboxes, radio buttons, Submit button and hyperlinks are appearing on the page..                        Exectuting stepI open chrome browser
2025-06-10 11:23:50,842 [NUnit.Fw.ParallelWorker#2] INFO  ExtentReportHooks - Executing feature : 1. Validate Presence of all elements.   Executing Scenario :Validate all fields,checkboxes, radio buttons, Submit button and hyperlinks are appearing on the page..                        Exectuting stepI open chrome browser
2025-06-10 11:23:50,842 [NUnit.Fw.ParallelWorker#1] INFO  ExtentReportHooks - Executing feature : 1. Validate Presence of all elements.   Executing Scenario :insdfsdfsdfsdfvalValidate all fields,checkboxes, radio buttons, Submit button and hyperlinks are appearing on the page..                        Exectuting stepI open chrome browser
2025-06-10 11:23:50,843 [NUnit.Fw.ParallelWorker#8] INFO  ExtentReportHooks - step pass I open chrome browser
2025-06-10 11:23:50,843 [NUnit.Fw.ParallelWorker#2] INFO  ExtentReportHooks - step pass I open chrome browser
2025-06-10 11:23:50,843 [NUnit.Fw.ParallelWorker#5] INFO  ExtentReportHooks - step pass I open chrome browser
2025-06-10 11:23:50,843 [NUnit.Fw.ParallelWorker#1] INFO  ExtentReportHooks - step pass I open chrome browser
2025-06-10 11:23:50,843 [NUnit.Fw.ParallelWorker#3] INFO  ExtentReportHooks - step pass I open chrome browser
2025-06-10 11:23:50,843 [NUnit.Fw.ParallelWorker#6] INFO  ExtentReportHooks - step pass I open chrome browser
2025-06-10 11:23:50,926 [NUnit.Fw.ParallelWorker#2] INFO  ExtentReportHooks - Executing feature : 1. Validate Presence of all elements.   Executing Scenario :Validate all fields,checkboxes, radio buttons, Submit button and hyperlinks are appearing on the page..                        Exectuting stepI am on the Home Page of test Website
2025-06-10 11:23:50,928 [NUnit.Fw.ParallelWorker#2] INFO  ExtentReportHooks - step pass I am on the Home Page of test Website
2025-06-10 11:23:50,943 [NUnit.Fw.ParallelWorker#8] INFO  ExtentReportHooks - Executing feature : 1. Validate Presence of all elements.   Executing Scenario :invalValidate all fields,checkboxes, radio buttons, Submit button and hyperlinks are appearing on the page..                        Exectuting stepI am on the Home Page of test Website
2025-06-10 11:23:50,943 [NUnit.Fw.ParallelWorker#8] INFO  ExtentReportHooks - step pass I am on the Home Page of test Website
2025-06-10 11:23:51,004 [NUnit.Fw.ParallelWorker#6] INFO  ExtentReportHooks - Executing feature : 1233. erttertreValidate Presence of all elements.   Executing Scenario :xcvxcvinsdfsdfsdfsdfvalValidate all fields,checkboxes, radio buttons, Submit button and hyperlinks are appearing on the page..                        Exectuting stepI am on the Home Page of test Website
2025-06-10 11:23:51,010 [NUnit.Fw.ParallelWorker#6] INFO  ExtentReportHooks - step pass I am on the Home Page of test Website
2025-06-10 11:23:51,114 [NUnit.Fw.ParallelWorker#5] INFO  ExtentReportHooks - Executing feature : 1233. erttertreValidate Presence of all elements.   Executing Scenario :rttryrtyinvalValidate all fields,checkboxes, radio buttons, Submit button and hyperlinks are appearing on the page..                        Exectuting stepI am on the Home Page of test Website
2025-06-10 11:23:51,118 [NUnit.Fw.ParallelWorker#5] INFO  ExtentReportHooks - step pass I am on the Home Page of test Website
2025-06-10 11:23:51,114 [NUnit.Fw.ParallelWorker#1] INFO  ExtentReportHooks - Executing feature : 1. Validate Presence of all elements.   Executing Scenario :insdfsdfsdfsdfvalValidate all fields,checkboxes, radio buttons, Submit button and hyperlinks are appearing on the page..                        Exectuting stepI am on the Home Page of test Website
2025-06-10 11:23:51,114 [NUnit.Fw.ParallelWorker#3] INFO  ExtentReportHooks - Executing feature : 1233. erttertreValidate Presence of all elements.   Executing Scenario :werwerValidate all fields,checkboxes, radio buttons, Submit button and hyperlinks are appearing on the page..                        Exectuting stepI am on the Home Page of test Website
2025-06-10 11:23:51,142 [NUnit.Fw.ParallelWorker#3] INFO  ExtentReportHooks - step pass I am on the Home Page of test Website
2025-06-10 11:23:51,135 [NUnit.Fw.ParallelWorker#1] INFO  ExtentReportHooks - step pass I am on the Home Page of test Website
2025-06-10 11:23:51,311 [NUnit.Fw.ParallelWorker#1] INFO  ExtentReportHooks - Executing feature : 1. Validate Presence of all elements.   Executing Scenario :insdfsdfsdfsdfvalValidate all fields,checkboxes, radio buttons, Submit button and hyperlinks are appearing on the page..                        Exectuting stepVerify following are appearing on the page or not
2025-06-10 11:23:51,311 [NUnit.Fw.ParallelWorker#1] INFO  ExtentReportHooks - step pass Verify following are appearing on the page or not
2025-06-10 11:23:51,311 [NUnit.Fw.ParallelWorker#2] INFO  ExtentReportHooks - Executing feature : 1. Validate Presence of all elements.   Executing Scenario :Validate all fields,checkboxes, radio buttons, Submit button and hyperlinks are appearing on the page..                        Exectuting stepVerify following are appearing on the page or not
2025-06-10 11:23:51,312 [NUnit.Fw.ParallelWorker#2] INFO  ExtentReportHooks - step pass Verify following are appearing on the page or not
2025-06-10 11:23:51,312 [NUnit.Fw.ParallelWorker#8] INFO  ExtentReportHooks - Executing feature : 1. Validate Presence of all elements.   Executing Scenario :invalValidate all fields,checkboxes, radio buttons, Submit button and hyperlinks are appearing on the page..                        Exectuting stepVerify following are appearing on the page or not
2025-06-10 11:23:51,312 [NUnit.Fw.ParallelWorker#8] INFO  ExtentReportHooks - step pass Verify following are appearing on the page or not
2025-06-10 11:23:51,315 [NUnit.Fw.ParallelWorker#6] INFO  ExtentReportHooks - Executing feature : 1233. erttertreValidate Presence of all elements.   Executing Scenario :xcvxcvinsdfsdfsdfsdfvalValidate all fields,checkboxes, radio buttons, Submit button and hyperlinks are appearing on the page..                        Exectuting stepVerify following are appearing on the page or not
2025-06-10 11:23:51,315 [NUnit.Fw.ParallelWorker#6] INFO  ExtentReportHooks - step pass Verify following are appearing on the page or not
2025-06-10 11:23:51,332 [NUnit.Fw.ParallelWorker#5] INFO  ExtentReportHooks - Executing feature : 1233. erttertreValidate Presence of all elements.   Executing Scenario :rttryrtyinvalValidate all fields,checkboxes, radio buttons, Submit button and hyperlinks are appearing on the page..                        Exectuting stepVerify following are appearing on the page or not
2025-06-10 11:23:51,334 [NUnit.Fw.ParallelWorker#5] INFO  ExtentReportHooks - step pass Verify following are appearing on the page or not
2025-06-10 11:23:51,336 [NUnit.Fw.ParallelWorker#1] INFO  ExtentReportHooks - Executing feature : 1. Validate Presence of all elements.   Executing Scenario :insdfsdfsdfsdfvalValidate all fields,checkboxes, radio buttons, Submit button and hyperlinks are appearing on the page..                        Exectuting stepVerify following radio buttons are appearing on the page or not
2025-06-10 11:23:51,336 [NUnit.Fw.ParallelWorker#1] INFO  ExtentReportHooks - step pass Verify following radio buttons are appearing on the page or not
2025-06-10 11:23:51,336 [NUnit.Fw.ParallelWorker#2] INFO  ExtentReportHooks - Executing feature : 1. Validate Presence of all elements.   Executing Scenario :Validate all fields,checkboxes, radio buttons, Submit button and hyperlinks are appearing on the page..                        Exectuting stepVerify following radio buttons are appearing on the page or not
2025-06-10 11:23:51,336 [NUnit.Fw.ParallelWorker#2] INFO  ExtentReportHooks - step pass Verify following radio buttons are appearing on the page or not
2025-06-10 11:23:51,336 [NUnit.Fw.ParallelWorker#8] INFO  ExtentReportHooks - Executing feature : 1. Validate Presence of all elements.   Executing Scenario :invalValidate all fields,checkboxes, radio buttons, Submit button and hyperlinks are appearing on the page..                        Exectuting stepVerify following radio buttons are appearing on the page or not
2025-06-10 11:23:51,336 [NUnit.Fw.ParallelWorker#8] INFO  ExtentReportHooks - step pass Verify following radio buttons are appearing on the page or not
2025-06-10 11:23:51,340 [NUnit.Fw.ParallelWorker#6] INFO  ExtentReportHooks - Executing feature : 1233. erttertreValidate Presence of all elements.   Executing Scenario :xcvxcvinsdfsdfsdfsdfvalValidate all fields,checkboxes, radio buttons, Submit button and hyperlinks are appearing on the page..                        Exectuting stepVerify following radio buttons are appearing on the page or not
2025-06-10 11:23:51,340 [NUnit.Fw.ParallelWorker#6] INFO  ExtentReportHooks - step pass Verify following radio buttons are appearing on the page or not
2025-06-10 11:23:51,352 [NUnit.Fw.ParallelWorker#5] INFO  ExtentReportHooks - Executing feature : 1233. erttertreValidate Presence of all elements.   Executing Scenario :rttryrtyinvalValidate all fields,checkboxes, radio buttons, Submit button and hyperlinks are appearing on the page..                        Exectuting stepVerify following radio buttons are appearing on the page or not
2025-06-10 11:23:51,352 [NUnit.Fw.ParallelWorker#1] INFO  ExtentReportHooks - Executing feature : 1. Validate Presence of all elements.   Executing Scenario :insdfsdfsdfsdfvalValidate all fields,checkboxes, radio buttons, Submit button and hyperlinks are appearing on the page..                        Exectuting stepVerify following check box buttons are appearing on the page or not
2025-06-10 11:23:51,352 [NUnit.Fw.ParallelWorker#2] INFO  ExtentReportHooks - Executing feature : 1. Validate Presence of all elements.   Executing Scenario :Validate all fields,checkboxes, radio buttons, Submit button and hyperlinks are appearing on the page..                        Exectuting stepVerify following check box buttons are appearing on the page or not
2025-06-10 11:23:51,352 [NUnit.Fw.ParallelWorker#1] INFO  ExtentReportHooks - step pass Verify following check box buttons are appearing on the page or not
2025-06-10 11:23:51,352 [NUnit.Fw.ParallelWorker#2] INFO  ExtentReportHooks - step pass Verify following check box buttons are appearing on the page or not
2025-06-10 11:23:51,352 [NUnit.Fw.ParallelWorker#5] INFO  ExtentReportHooks - step pass Verify following radio buttons are appearing on the page or not
2025-06-10 11:23:51,352 [NUnit.Fw.ParallelWorker#8] INFO  ExtentReportHooks - Executing feature : 1. Validate Presence of all elements.   Executing Scenario :invalValidate all fields,checkboxes, radio buttons, Submit button and hyperlinks are appearing on the page..                        Exectuting stepVerify following check box buttons are appearing on the page or not
2025-06-10 11:23:51,352 [NUnit.Fw.ParallelWorker#8] INFO  ExtentReportHooks - step pass Verify following check box buttons are appearing on the page or not
2025-06-10 11:23:51,354 [NUnit.Fw.ParallelWorker#6] INFO  ExtentReportHooks - Executing feature : 1233. erttertreValidate Presence of all elements.   Executing Scenario :xcvxcvinsdfsdfsdfsdfvalValidate all fields,checkboxes, radio buttons, Submit button and hyperlinks are appearing on the page..                        Exectuting stepVerify following check box buttons are appearing on the page or not
2025-06-10 11:23:51,354 [NUnit.Fw.ParallelWorker#6] INFO  ExtentReportHooks - step pass Verify following check box buttons are appearing on the page or not
2025-06-10 11:23:51,356 [NUnit.Fw.ParallelWorker#6] INFO  ExtentReportHooks - ✅ Scenario 'xcvxcvinsdfsdfsdfsdfvalValidate all fields,checkboxes, radio buttons, Submit button and hyperlinks are appearing on the page.' executed successfully.
2025-06-10 11:23:51,356 [NUnit.Fw.ParallelWorker#2] INFO  ExtentReportHooks - ✅ Scenario 'Validate all fields,checkboxes, radio buttons, Submit button and hyperlinks are appearing on the page.' executed successfully.
2025-06-10 11:23:51,356 [NUnit.Fw.ParallelWorker#8] INFO  ExtentReportHooks - ✅ Scenario 'invalValidate all fields,checkboxes, radio buttons, Submit button and hyperlinks are appearing on the page.' executed successfully.
2025-06-10 11:23:51,356 [NUnit.Fw.ParallelWorker#1] INFO  ExtentReportHooks - ✅ Scenario 'insdfsdfsdfsdfvalValidate all fields,checkboxes, radio buttons, Submit button and hyperlinks are appearing on the page.' executed successfully.
2025-06-10 11:23:51,406 [NUnit.Fw.ParallelWorker#5] INFO  ExtentReportHooks - Executing feature : 1233. erttertreValidate Presence of all elements.   Executing Scenario :rttryrtyinvalValidate all fields,checkboxes, radio buttons, Submit button and hyperlinks are appearing on the page..                        Exectuting stepVerify following check box buttons are appearing on the page or not
2025-06-10 11:23:51,407 [NUnit.Fw.ParallelWorker#5] INFO  ExtentReportHooks - step pass Verify following check box buttons are appearing on the page or not
2025-06-10 11:23:51,407 [NUnit.Fw.ParallelWorker#5] INFO  ExtentReportHooks - ✅ Scenario 'rttryrtyinvalValidate all fields,checkboxes, radio buttons, Submit button and hyperlinks are appearing on the page.' executed successfully.
2025-06-10 11:24:21,196 [NUnit.Fw.ParallelWorker#3] INFO  ExtentReportHooks - Executing feature : 1233. erttertreValidate Presence of all elements.   Executing Scenario :werwerValidate all fields,checkboxes, radio buttons, Submit button and hyperlinks are appearing on the page..                        Exectuting stepVerify following are appearing on the page or not
2025-06-10 11:24:21,197 [NUnit.Fw.ParallelWorker#3] ERROR ExtentReportHooks - step failVerify following are appearing on the page or not
2025-06-10 11:24:21,649 [NUnit.Fw.ParallelWorker#3] ERROR ExtentReportHooks - ❌ Scenario 'werwerValidate all fields,checkboxes, radio buttons, Submit button and hyperlinks are appearing on the page.' failed with error: no such element: Unable to locate element: {"method":"xpath","selector":"//*[contains(text(),'Text input1')]"}
  (Session info: chrome=137.0.7151.69); For documentation on this error, please visit: https://www.selenium.dev/documentation/webdriver/troubleshooting/errors#no-such-element-exception
