ReportPortalHooks Error: 0 : 09:08:56.3701700 : 1-testhost : System.Collections.Generic.KeyNotFoundException: Property 'Server:Url' not found in the configuration. Make sure you have configured it properly.
   at ReportPortal.Shared.Configuration.Configuration.GetValue[T](String property)
   at ReportPortal.Shared.Reporter.Http.ClientServiceBuilder.Build()
   at ReportPortal.ReqnrollPlugin.ReportPortalHooks.Initialize()
   at ReportPortal.ReqnrollPlugin.ReportPortalHooks.BeforeTestRun()
ReportPortalHooks Error: 0 : 09:08:56.4908120 : 1-testhost : System.NullReferenceException: Object reference not set to an instance of an object.
   at ReportPortal.ReqnrollPlugin.ReportPortalHooks.BeforeStep(FeatureContext featureContext, ScenarioContext scenarioContext)
ReportPortalHooks Error: 0 : 09:09:16.7008440 : 1-testhost : System.NullReferenceException: Object reference not set to an instance of an object.
   at ReportPortal.ReqnrollPlugin.ReportPortalHooks.AfterStep(FeatureContext featureContext, ScenarioContext scenarioContext)
ReportPortalHooks Error: 0 : 09:09:16.7066690 : 1-testhost : System.NullReferenceException: Object reference not set to an instance of an object.
   at ReportPortal.ReqnrollPlugin.ReportPortalHooks.BeforeStep(FeatureContext featureContext, ScenarioContext scenarioContext)
ReportPortalHooks Error: 0 : 09:09:17.2790550 : 1-testhost : System.NullReferenceException: Object reference not set to an instance of an object.
   at ReportPortal.ReqnrollPlugin.ReportPortalHooks.AfterStep(FeatureContext featureContext, ScenarioContext scenarioContext)
ReportPortalHooks Error: 0 : 09:09:17.2897850 : 1-testhost : System.NullReferenceException: Object reference not set to an instance of an object.
   at ReportPortal.ReqnrollPlugin.ReportPortalHooks.BeforeStep(FeatureContext featureContext, ScenarioContext scenarioContext)
ReportPortalHooks Error: 0 : 09:09:17.7247100 : 1-testhost : System.NullReferenceException: Object reference not set to an instance of an object.
   at ReportPortal.ReqnrollPlugin.ReportPortalHooks.AfterStep(FeatureContext featureContext, ScenarioContext scenarioContext)
ReportPortalHooks Error: 0 : 09:09:17.7268820 : 1-testhost : System.NullReferenceException: Object reference not set to an instance of an object.
   at ReportPortal.ReqnrollPlugin.ReportPortalHooks.BeforeStep(FeatureContext featureContext, ScenarioContext scenarioContext)
ReportPortalHooks Error: 0 : 09:09:17.7415900 : 1-testhost : System.NullReferenceException: Object reference not set to an instance of an object.
   at ReportPortal.ReqnrollPlugin.ReportPortalHooks.AfterStep(FeatureContext featureContext, ScenarioContext scenarioContext)
ReportPortalHooks Error: 0 : 09:09:17.7434440 : 1-testhost : System.NullReferenceException: Object reference not set to an instance of an object.
   at ReportPortal.ReqnrollPlugin.ReportPortalHooks.BeforeStep(FeatureContext featureContext, ScenarioContext scenarioContext)
ReportPortalHooks Error: 0 : 09:09:17.8036550 : 1-testhost : System.NullReferenceException: Object reference not set to an instance of an object.
   at ReportPortal.ReqnrollPlugin.ReportPortalHooks.AfterStep(FeatureContext featureContext, ScenarioContext scenarioContext)
ReportPortalHooks Error: 0 : 09:09:17.8061660 : 1-testhost : System.NullReferenceException: Object reference not set to an instance of an object.
   at ReportPortal.ReqnrollPlugin.ReportPortalHooks.BeforeStep(FeatureContext featureContext, ScenarioContext scenarioContext)
ReportPortalHooks Error: 0 : 09:09:17.8233940 : 1-testhost : System.NullReferenceException: Object reference not set to an instance of an object.
   at ReportPortal.ReqnrollPlugin.ReportPortalHooks.AfterStep(FeatureContext featureContext, ScenarioContext scenarioContext)
