ReportPortalHooks Error: 0 : 09:10:14.3186380 : 1-testhost : System.Collections.Generic.KeyNotFoundException: Property 'Server:Url' not found in the configuration. Make sure you have configured it properly.
   at ReportPortal.Shared.Configuration.Configuration.GetValue[T](String property)
   at ReportPortal.Shared.Reporter.Http.ClientServiceBuilder.Build()
   at ReportPortal.ReqnrollPlugin.ReportPortalHooks.Initialize()
   at ReportPortal.ReqnrollPlugin.ReportPortalHooks.BeforeTestRun()
ReportPortalHooks Error: 0 : 09:10:14.4507100 : 1-testhost : System.NullReferenceException: Object reference not set to an instance of an object.
   at ReportPortal.ReqnrollPlugin.ReportPortalHooks.BeforeStep(FeatureContext featureContext, ScenarioContext scenarioContext)
ReportPortalHooks Error: 0 : 09:10:56.6065870 : 1-testhost : System.NullReferenceException: Object reference not set to an instance of an object.
   at ReportPortal.ReqnrollPlugin.ReportPortalHooks.AfterStep(FeatureContext featureContext, ScenarioContext scenarioContext)
ReportPortalHooks Error: 0 : 09:10:56.6196840 : 1-testhost : System.NullReferenceException: Object reference not set to an instance of an object.
   at ReportPortal.ReqnrollPlugin.ReportPortalHooks.BeforeStep(FeatureContext featureContext, ScenarioContext scenarioContext)
ReportPortalHooks Error: 0 : 09:11:19.8294730 : 1-testhost : System.NullReferenceException: Object reference not set to an instance of an object.
   at ReportPortal.ReqnrollPlugin.ReportPortalHooks.AfterStep(FeatureContext featureContext, ScenarioContext scenarioContext)
ReportPortalHooks Error: 0 : 09:11:19.8483570 : 1-testhost : System.NullReferenceException: Object reference not set to an instance of an object.
   at ReportPortal.ReqnrollPlugin.ReportPortalHooks.BeforeStep(FeatureContext featureContext, ScenarioContext scenarioContext)
ReportPortalHooks Error: 0 : 09:11:23.3441380 : 1-testhost : System.NullReferenceException: Object reference not set to an instance of an object.
   at ReportPortal.ReqnrollPlugin.ReportPortalHooks.AfterStep(FeatureContext featureContext, ScenarioContext scenarioContext)
ReportPortalHooks Error: 0 : 09:11:23.3506210 : 1-testhost : System.NullReferenceException: Object reference not set to an instance of an object.
   at ReportPortal.ReqnrollPlugin.ReportPortalHooks.BeforeStep(FeatureContext featureContext, ScenarioContext scenarioContext)
ReportPortalHooks Error: 0 : 09:11:25.6773720 : 1-testhost : System.NullReferenceException: Object reference not set to an instance of an object.
   at ReportPortal.ReqnrollPlugin.ReportPortalHooks.AfterStep(FeatureContext featureContext, ScenarioContext scenarioContext)
ReportPortalHooks Error: 0 : 09:11:25.7070370 : 1-testhost : System.NullReferenceException: Object reference not set to an instance of an object.
   at ReportPortal.ReqnrollPlugin.ReportPortalHooks.BeforeStep(FeatureContext featureContext, ScenarioContext scenarioContext)
ReportPortalHooks Error: 0 : 09:11:28.5291030 : 1-testhost : System.NullReferenceException: Object reference not set to an instance of an object.
   at ReportPortal.ReqnrollPlugin.ReportPortalHooks.AfterStep(FeatureContext featureContext, ScenarioContext scenarioContext)
ReportPortalHooks Error: 0 : 09:11:28.5358840 : 1-testhost : System.NullReferenceException: Object reference not set to an instance of an object.
   at ReportPortal.ReqnrollPlugin.ReportPortalHooks.BeforeStep(FeatureContext featureContext, ScenarioContext scenarioContext)
ReportPortalHooks Error: 0 : 09:11:30.2264250 : 1-testhost : System.NullReferenceException: Object reference not set to an instance of an object.
   at ReportPortal.ReqnrollPlugin.ReportPortalHooks.AfterStep(FeatureContext featureContext, ScenarioContext scenarioContext)
