ReportPortalHooks Error: 0 : 10:43:05.3030250 : 1-testhost : System.Collections.Generic.KeyNotFoundException: Property 'Server:Url' not found in the configuration. Make sure you have configured it properly.
   at ReportPortal.Shared.Configuration.Configuration.GetValue[T](String property)
   at ReportPortal.Shared.Reporter.Http.ClientServiceBuilder.Build()
   at ReportPortal.ReqnrollPlugin.ReportPortalHooks.Initialize()
   at ReportPortal.ReqnrollPlugin.ReportPortalHooks.BeforeTestRun()
ReportPortalHooks Error: 0 : 10:43:05.4138920 : 1-testhost : System.NullReferenceException: Object reference not set to an instance of an object.
   at ReportPortal.ReqnrollPlugin.ReportPortalHooks.BeforeStep(FeatureContext featureContext, ScenarioContext scenarioContext)
ReportPortalHooks Error: 0 : 10:43:08.4394540 : 1-testhost : System.NullReferenceException: Object reference not set to an instance of an object.
   at ReportPortal.ReqnrollPlugin.ReportPortalHooks.AfterStep(FeatureContext featureContext, ScenarioContext scenarioContext)
ReportPortalHooks Error: 0 : 10:43:08.4416240 : 1-testhost : System.NullReferenceException: Object reference not set to an instance of an object.
   at ReportPortal.ReqnrollPlugin.ReportPortalHooks.BeforeStep(FeatureContext featureContext, ScenarioContext scenarioContext)
ReportPortalHooks Error: 0 : 10:43:08.7322680 : 1-testhost : System.NullReferenceException: Object reference not set to an instance of an object.
   at ReportPortal.ReqnrollPlugin.ReportPortalHooks.AfterStep(FeatureContext featureContext, ScenarioContext scenarioContext)
ReportPortalHooks Error: 0 : 10:43:08.7479160 : 1-testhost : System.NullReferenceException: Object reference not set to an instance of an object.
   at ReportPortal.ReqnrollPlugin.ReportPortalHooks.BeforeStep(FeatureContext featureContext, ScenarioContext scenarioContext)
ReportPortalHooks Error: 0 : 10:43:09.2257000 : 1-testhost : System.NullReferenceException: Object reference not set to an instance of an object.
   at ReportPortal.ReqnrollPlugin.ReportPortalHooks.AfterStep(FeatureContext featureContext, ScenarioContext scenarioContext)
ReportPortalHooks Error: 0 : 10:43:09.2262820 : 1-testhost : System.NullReferenceException: Object reference not set to an instance of an object.
   at ReportPortal.ReqnrollPlugin.ReportPortalHooks.BeforeStep(FeatureContext featureContext, ScenarioContext scenarioContext)
ReportPortalHooks Error: 0 : 10:43:09.2426390 : 1-testhost : System.NullReferenceException: Object reference not set to an instance of an object.
   at ReportPortal.ReqnrollPlugin.ReportPortalHooks.AfterStep(FeatureContext featureContext, ScenarioContext scenarioContext)
ReportPortalHooks Error: 0 : 10:43:09.2431010 : 1-testhost : System.NullReferenceException: Object reference not set to an instance of an object.
   at ReportPortal.ReqnrollPlugin.ReportPortalHooks.BeforeStep(FeatureContext featureContext, ScenarioContext scenarioContext)
ReportPortalHooks Error: 0 : 10:43:09.2565670 : 1-testhost : System.NullReferenceException: Object reference not set to an instance of an object.
   at ReportPortal.ReqnrollPlugin.ReportPortalHooks.AfterStep(FeatureContext featureContext, ScenarioContext scenarioContext)
ReportPortalHooks Error: 0 : 10:43:09.2577830 : 1-testhost : System.NullReferenceException: Object reference not set to an instance of an object.
   at ReportPortal.ReqnrollPlugin.ReportPortalHooks.BeforeStep(FeatureContext featureContext, ScenarioContext scenarioContext)
ReportPortalHooks Error: 0 : 10:43:09.2605900 : 1-testhost : System.NullReferenceException: Object reference not set to an instance of an object.
   at ReportPortal.ReqnrollPlugin.ReportPortalHooks.AfterStep(FeatureContext featureContext, ScenarioContext scenarioContext)
