ReportPortalHooks Error: 0 : 09:19:56.5898800 : 1-testhost : System.Collections.Generic.KeyNotFoundException: Property 'Server:Url' not found in the configuration. Make sure you have configured it properly.
   at ReportPortal.Shared.Configuration.Configuration.GetValue[T](String property)
   at ReportPortal.Shared.Reporter.Http.ClientServiceBuilder.Build()
   at ReportPortal.ReqnrollPlugin.ReportPortalHooks.Initialize()
   at ReportPortal.ReqnrollPlugin.ReportPortalHooks.BeforeTestRun()
ReportPortalHooks Error: 0 : 09:19:56.6833920 : 1-testhost : System.NullReferenceException: Object reference not set to an instance of an object.
   at ReportPortal.ReqnrollPlugin.ReportPortalHooks.BeforeStep(FeatureContext featureContext, ScenarioContext scenarioContext)
ReportPortalHooks Error: 0 : 09:19:59.4169920 : 1-testhost : System.NullReferenceException: Object reference not set to an instance of an object.
   at ReportPortal.ReqnrollPlugin.ReportPortalHooks.AfterStep(FeatureContext featureContext, ScenarioContext scenarioContext)
ReportPortalHooks Error: 0 : 09:19:59.4185890 : 1-testhost : System.NullReferenceException: Object reference not set to an instance of an object.
   at ReportPortal.ReqnrollPlugin.ReportPortalHooks.BeforeStep(FeatureContext featureContext, ScenarioContext scenarioContext)
ReportPortalHooks Error: 0 : 09:19:59.9917220 : 1-testhost : System.NullReferenceException: Object reference not set to an instance of an object.
   at ReportPortal.ReqnrollPlugin.ReportPortalHooks.AfterStep(FeatureContext featureContext, ScenarioContext scenarioContext)
ReportPortalHooks Error: 0 : 09:20:00.0056220 : 1-testhost : System.NullReferenceException: Object reference not set to an instance of an object.
   at ReportPortal.ReqnrollPlugin.ReportPortalHooks.BeforeStep(FeatureContext featureContext, ScenarioContext scenarioContext)
ReportPortalHooks Error: 0 : 09:20:00.1060060 : 1-testhost : System.NullReferenceException: Object reference not set to an instance of an object.
   at ReportPortal.ReqnrollPlugin.ReportPortalHooks.AfterStep(FeatureContext featureContext, ScenarioContext scenarioContext)
ReportPortalHooks Error: 0 : 09:20:00.1064060 : 1-testhost : System.NullReferenceException: Object reference not set to an instance of an object.
   at ReportPortal.ReqnrollPlugin.ReportPortalHooks.BeforeStep(FeatureContext featureContext, ScenarioContext scenarioContext)
ReportPortalHooks Error: 0 : 09:20:00.1230580 : 1-testhost : System.NullReferenceException: Object reference not set to an instance of an object.
   at ReportPortal.ReqnrollPlugin.ReportPortalHooks.AfterStep(FeatureContext featureContext, ScenarioContext scenarioContext)
ReportPortalHooks Error: 0 : 09:20:00.1242950 : 1-testhost : System.NullReferenceException: Object reference not set to an instance of an object.
   at ReportPortal.ReqnrollPlugin.ReportPortalHooks.BeforeStep(FeatureContext featureContext, ScenarioContext scenarioContext)
ReportPortalHooks Error: 0 : 09:20:00.1725850 : 1-testhost : System.NullReferenceException: Object reference not set to an instance of an object.
   at ReportPortal.ReqnrollPlugin.ReportPortalHooks.AfterStep(FeatureContext featureContext, ScenarioContext scenarioContext)
ReportPortalHooks Error: 0 : 09:20:00.1730380 : 1-testhost : System.NullReferenceException: Object reference not set to an instance of an object.
   at ReportPortal.ReqnrollPlugin.ReportPortalHooks.BeforeStep(FeatureContext featureContext, ScenarioContext scenarioContext)
ReportPortalHooks Error: 0 : 09:20:00.1765090 : 1-testhost : System.NullReferenceException: Object reference not set to an instance of an object.
   at ReportPortal.ReqnrollPlugin.ReportPortalHooks.AfterStep(FeatureContext featureContext, ScenarioContext scenarioContext)
